Mplus VERSION 7.31 (Mac)
MUTHEN & MUTHEN
08/05/2015   2:33 AM

INPUT INSTRUCTIONS

  Title:
  All Staff 2 Levels 2 Classes w/Covariates

  DATA:
   FILE IS ~/Desktop/sdpmplus/data/sdpCapstoneData.dat ;

  VARIABLE:
  NAMES ARE reqtime reportcl reportca repo1 repo2 repo3 repo4 repo5 repo6
  repo7 repo8 repo9 repo10 repo11 repo12 repo13 function emailmer userid
  date month hour minute second weekday julday weekyr elapses elapsem
  elapseh dayorder ovorder daytotal ovtotal totdays report username func1
  func2 func3 func4 func5 func6 func7 eseduc hseduc mseduc primkey schid ;

  MISSING ARE .;

  CLASSES = UGROUPS(5) SESSION(2);

  CATEGORICAL ARE repo1 repo2 repo3 repo4 repo5 repo6 repo7 repo8 repo9 repo10 repo11
  repo12 repo13;

  WITHIN ARE repo1 repo2 repo3 repo4 repo5 repo6 repo7 repo8 repo9 repo10
  repo11 repo12 repo13 SESSION;

  BETWEEN ARE UGROUPS totdays func7 func6 func4;

  CLUSTER IS userid ;

  IDVARIABLE = primkey;

  AUXILIARY ARE reqtime reportcl reportca function emailmer
  date month hour minute second weekday julday weekyr elapses elapsem
  elapseh dayorder ovorder daytotal ovtotal report username func1
  func2 func3 func5 hseduc mseduc schid eseduc;

  USEVARIABLES ARE repo1 repo2 repo3 repo4 repo5 repo6 repo7 repo8 repo9 repo10 repo11
  repo12 repo13 func7 totdays  func6 func4;

  DEFINE:
  	STANDARDIZE totdays;

  ANALYSIS:
  	TYPE = TWOLEVEL MIXTURE;
  	STARTS = 200 50;
  	PROCESS=8(STARTS);
  	PROCESSORS = 8;
  	MIXC = CONV;
  	MIXU = CONV;
  	STSCALE = 1;
  	STSEED = 7779311;
  	OPTSEED = 910110;
  	UCELLSIZE = 0;

  MODEL:
       %WITHIN%
       %OVERALL%
       [ session#1@0.38522 ];

       %BETWEEN%
       %OVERALL%
  	UGROUPS ON totdays func7 func6 func4;
       session#1 ON ugroups#1@2.79070;
       session#1 ON ugroups#2@-1.25601;
       session#1 ON ugroups#3@-3.65321;
       session#1 ON ugroups#4@1.00636;
       [ ugroups#1@1.77088 ];
       [ ugroups#2@-1.06402 ];
       [ ugroups#3@-2.00020 ];
       [ ugroups#4@0.95129 ];

    MODEL SESSION:
       %WITHIN%
       %SESSION#1%
       [ repo1$1@1.88649 ] (1);
       [ repo2$1@2.75226 ] (2);
       [ repo3$1@2.10699 ] (3);
       [ repo4$1@0.66500 ] (4);
       [ repo5$1@2.84881 ] (5);
       [ repo6$1@5.66139 ] (6);
       [ repo7$1@6.48802 ] (7);
       [ repo8$1@2.55361 ] (8);
       [ repo9$1@5.97086 ] (9);
       [ repo10$1@6.20508 ] (10);
       [ repo11$1@2.42513 ] (11);
       [ repo12$1@5.10827 ] (12);
       [ repo13$1@15 ] (13);

       %SESSION#2%
       [ repo1$1@15 ] (14);
       [ repo2$1@15 ] (15);
       [ repo3$1@15 ] (16);
       [ repo4$1@15 ] (17);
       [ repo5$1@15 ] (18);
       [ repo6$1@15 ] (19);
       [ repo7$1@15 ] (20);
       [ repo8$1@15 ] (21);
       [ repo9$1@15 ] (22);
       [ repo10$1@15 ] (23);
       [ repo11$1@15 ] (24);
       [ repo12$1@15 ] (25);
       [ repo13$1@-15 ] (26);

  SAVEDATA:
  	FILE IS ~/Desktop/sdpmplus/output/final/twolevel/allClass2/cv/data.dat;
  	SAVE IS CPROB;
  	SAVE = LOGLIKELIHOOD;
  	FORMAT IS FREE;

  PLOT:
  	TYPE IS PLOT3;


