Mplus VERSION 7.31 (Mac)
MUTHEN & MUTHEN
08/05/2015   2:34 AM

INPUT INSTRUCTIONS

  Title:
  All Staff 2 Levels 4 Classes

  DATA:
   FILE IS ~/Desktop/sdpmplus/data/sdpCapstoneData.dat ;

  VARIABLE:
  NAMES ARE reqtime reportcl reportca repo1 repo2 repo3 repo4 repo5 repo6
  repo7 repo8 repo9 repo10 repo11 repo12 repo13 function emailmer userid
  date month hour minute second weekday julday weekyr elapses elapsem
  elapseh dayorder ovorder daytotal ovtotal totdays report username func1
  func2 func3 func4 func5 func6 func7 eseduc hseduc mseduc primkey schid ;

  MISSING ARE .;

  CLASSES = UGROUPS(5) SESSION(4);

  CATEGORICAL ARE repo1 repo2 repo3 repo4 repo5 repo6 repo7 repo8 repo9 repo10
  repo11 repo12 repo13;

  WITHIN ARE repo1 repo2 repo3 repo4 repo5 repo6 repo7 repo8 repo9 repo10
  repo11 repo12 repo13 SESSION;

  BETWEEN ARE UGROUPS;

  CLUSTER IS userid ;

  IDVARIABLE = primkey;

  AUXILIARY ARE reqtime reportcl reportca function emailmer
  date month hour minute second weekday julday weekyr elapses elapsem
  elapseh dayorder ovorder daytotal ovtotal totdays report username func1
  func2 func3 func4 func5 func6 func7 eseduc hseduc mseduc schid ;

  USEVARIABLES ARE repo1 repo2 repo3 repo4 repo5 repo6 repo7 repo8 repo9 repo10 repo11
  repo12 repo13;

  ANALYSIS:
  	TYPE = TWOLEVEL MIXTURE;
  	STARTS = 100 25;
  	PROCESS=8(STARTS);
  	PROCESSORS = 8;
  	STSEED = 7779311;
  	OPTSEED = 7456;
  	UCELLSIZE = 0;

  MODEL:
  	%WITHIN%
  	%OVERALL%
  	%BETWEEN%
  	%OVERALL%
  	SESSION ON UGROUPS;
  	
  MODEL SESSION:
  	%WITHIN%
  	%SESSION#1%
  	[repo1$1-repo13$1];
  	%SESSION#2%
  	[repo1$1-repo13$1];
  	%SESSION#3%
  	[repo1$1-repo13$1];
  	%SESSION#4%
  	[repo1$1-repo13$1];
  	
  SAVEDATA:
  	FILE IS ~/Desktop/sdpmplus/output/final/twolevel/allClass4/nocv/data.dat;
  	SAVE IS CPROB;
  	SAVE = LOGLIKELIHOOD;
  	FORMAT IS FREE;

  PLOT:
  	TYPE IS PLOT3;


