Mplus VERSION 7.31 (Mac)
MUTHEN & MUTHEN
08/05/2015   2:32 AM

INPUT INSTRUCTIONS

  Title:
  All Staff 5 Classes

  DATA:
   FILE IS ~/Desktop/sdpmplus/data/sdpCapstoneData.dat ;

  VARIABLE:
  NAMES ARE reqtime reportcl reportca repo1 repo2 repo3 repo4 repo5 repo6
  repo7 repo8 repo9 repo10 repo11 repo12 repo13 function emailmer userid
  date month hour minute second weekday julday weekyr elapses elapsem
  elapseh dayorder ovorder daytotal ovtotal totdays report username func1
  func2 func3 func4 func5 func6 func7 eseduc hseduc mseduc primkey schid ;

  MISSING ARE .;

  CLASSES = UGROUPS(5);

  CATEGORICAL ARE repo1 repo2 repo3 repo4 repo5 repo6 repo7 repo8 repo9 repo10 repo11
  repo12 repo13;

  IDVARIABLE = primkey;

  AUXILIARY ARE reqtime reportcl reportca function emailmer userid
  date month hour minute second weekday julday weekyr elapses elapsem
  elapseh dayorder ovorder daytotal ovtotal totdays report username func1
  func2 func3 func4 func5 func6 func7 eseduc hseduc mseduc schid ;

  USEVARIABLES ARE repo1 repo2 repo3 repo4 repo5 repo6 repo7 repo8 repo9 repo10 repo11
  repo12 repo13;

  ANALYSIS:
  	TYPE = MIXTURE;
  	PROCESSORS = 8;
  	STSEED = 7779311;
  	OPTSEED = 504929;

  MODEL:
  	%OVERALL%

  SAVEDATA:
  	FILE IS ~/Desktop/sdpmplus/output/final/singlelevel/allClass5/nocv/data.dat;
  	SAVE IS CPROB;
  	SAVE = LOGLIKELIHOOD;
  	FORMAT IS FREE;

  OUTPUT:
  	TECH14;

  PLOT:
  	TYPE IS PLOT3;




INPUT READING TERMINATED NORMALLY




All Staff 5 Classes

SUMMARY OF ANALYSIS

Number of groups                                                 1
Number of observations                                       39925

Number of dependent variables                                   13
Number of independent variables                                  0
Number of continuous latent variables                            0
Number of categorical latent variables                           1

Observed dependent variables

  Binary and ordered categorical (ordinal)
   REPO1       REPO2       REPO3       REPO4       REPO5       REPO6
   REPO7       REPO8       REPO9       REPO10      REPO11      REPO12
   REPO13

Observed auxiliary variables
   REQTIME     REPORTCL    REPORTCA    FUNCTION    EMAILMER    USERID
   DATE        MONTH       HOUR        MINUTE      SECOND      WEEKDAY
   JULDAY      WEEKYR      ELAPSES     ELAPSEM     ELAPSEH     DAYORDER
   OVORDER     DAYTOTAL    OVTOTAL     TOTDAYS     REPORT      USERNAME
   FUNC1       FUNC2       FUNC3       FUNC4       FUNC5       FUNC6
   FUNC7       ESEDUC      HSEDUC      MSEDUC      SCHID

Categorical latent variables
   UGROUPS

Variables with special functions

  ID variable           PRIMKEY

Estimator                                                      MLR
Information matrix                                        OBSERVED
Optimization Specifications for the Quasi-Newton Algorithm for
Continuous Outcomes
  Maximum number of iterations                                 100
  Convergence criterion                                  0.100D-05
Optimization Specifications for the EM Algorithm
  Maximum number of iterations                                 500
  Convergence criteria
    Loglikelihood change                                 0.100D-06
    Relative loglikelihood change                        0.100D-06
    Derivative                                           0.100D-05
Optimization Specifications for the M step of the EM Algorithm for
Categorical Latent variables
  Number of M step iterations                                    1
  M step convergence criterion                           0.100D-05
  Basis for M step termination                           ITERATION
Optimization Specifications for the M step of the EM Algorithm for
Censored, Binary or Ordered Categorical (Ordinal), Unordered
Categorical (Nominal) and Count Outcomes
  Number of M step iterations                                    1
  M step convergence criterion                           0.100D-05
  Basis for M step termination                           ITERATION
  Maximum value for logit thresholds                            15
  Minimum value for logit thresholds                           -15
  Minimum expected cell size for chi-square              0.100D-01
Maximum number of iterations for H1                           2000
Convergence criterion for H1                             0.100D-03
Optimization algorithm                                         EMA
Random Starts Specifications
  Random seed for analysis                                  504929
Link                                                         LOGIT

Input data file(s)
  ~/Desktop/sdpmplus/data/sdpCapstoneData.dat
Input data format  FREE


SUMMARY OF DATA

     Number of missing data patterns             1
     Number of y missing data patterns           0
     Number of u missing data patterns           1


COVARIANCE COVERAGE OF DATA

Minimum covariance coverage value   0.100


UNIVARIATE PROPORTIONS AND COUNTS FOR CATEGORICAL VARIABLES

    REPO1
      Category 1    0.907        36199.000
      Category 2    0.093         3726.000
    REPO2
      Category 1    0.958        38229.000
      Category 2    0.042         1696.000
    REPO3
      Category 1    0.923        36857.000
      Category 2    0.077         3068.000
    REPO4
      Category 1    0.759        30315.000
      Category 2    0.241         9610.000
    REPO5
      Category 1    0.961        38376.000
      Category 2    0.039         1549.000
    REPO6
      Category 1    0.998        39827.000
      Category 2    0.002           98.000
    REPO7
      Category 1    0.999        39882.000
      Category 2    0.001           43.000
    REPO8
      Category 1    0.949        37884.000
      Category 2    0.051         2041.000
    REPO9
      Category 1    0.998        39853.000
      Category 2    0.002           72.000
    REPO10
      Category 1    0.999        39868.000
      Category 2    0.001           57.000
    REPO11
      Category 1    0.942        37628.000
      Category 2    0.058         2297.000
    REPO12
      Category 1    0.996        39755.000
      Category 2    0.004          170.000
    REPO13
      Category 1    0.709        28292.000
      Category 2    0.291        11633.000


     IN THE OPTIMIZATION, ONE OR MORE LOGIT THRESHOLDS APPROACHED AND WERE SET
     AT THE EXTREME VALUES.  EXTREME VALUES ARE -15.000 AND 15.000.
     THE FOLLOWING THRESHOLDS WERE SET AT THESE VALUES:
     * THRESHOLD 1 OF CLASS INDICATOR REPO1 FOR CLASS 1 AT ITERATION 19
     * THRESHOLD 1 OF CLASS INDICATOR REPO2 FOR CLASS 1 AT ITERATION 5
     * THRESHOLD 1 OF CLASS INDICATOR REPO3 FOR CLASS 1 AT ITERATION 5
     * THRESHOLD 1 OF CLASS INDICATOR REPO4 FOR CLASS 1 AT ITERATION 6
     * THRESHOLD 1 OF CLASS INDICATOR REPO5 FOR CLASS 1 AT ITERATION 5
     * THRESHOLD 1 OF CLASS INDICATOR REPO6 FOR CLASS 1 AT ITERATION 5
     * THRESHOLD 1 OF CLASS INDICATOR REPO7 FOR CLASS 1 AT ITERATION 4
     * THRESHOLD 1 OF CLASS INDICATOR REPO8 FOR CLASS 1 AT ITERATION 5
     * THRESHOLD 1 OF CLASS INDICATOR REPO9 FOR CLASS 1 AT ITERATION 4
     * THRESHOLD 1 OF CLASS INDICATOR REPO10 FOR CLASS 1 AT ITERATION 4
     * THRESHOLD 1 OF CLASS INDICATOR REPO11 FOR CLASS 1 AT ITERATION 6
     * THRESHOLD 1 OF CLASS INDICATOR REPO12 FOR CLASS 1 AT ITERATION 6
     * THRESHOLD 1 OF CLASS INDICATOR REPO13 FOR CLASS 1 AT ITERATION 5
     * THRESHOLD 1 OF CLASS INDICATOR REPO1 FOR CLASS 2 AT ITERATION 8
     * THRESHOLD 1 OF CLASS INDICATOR REPO2 FOR CLASS 2 AT ITERATION 10
     * THRESHOLD 1 OF CLASS INDICATOR REPO3 FOR CLASS 2 AT ITERATION 7
     * THRESHOLD 1 OF CLASS INDICATOR REPO4 FOR CLASS 2 AT ITERATION 24
     * THRESHOLD 1 OF CLASS INDICATOR REPO5 FOR CLASS 2 AT ITERATION 6
     * THRESHOLD 1 OF CLASS INDICATOR REPO6 FOR CLASS 2 AT ITERATION 8
     * THRESHOLD 1 OF CLASS INDICATOR REPO7 FOR CLASS 2 AT ITERATION 7
     * THRESHOLD 1 OF CLASS INDICATOR REPO8 FOR CLASS 2 AT ITERATION 7
     * THRESHOLD 1 OF CLASS INDICATOR REPO9 FOR CLASS 2 AT ITERATION 8
     * THRESHOLD 1 OF CLASS INDICATOR REPO10 FOR CLASS 2 AT ITERATION 6
     * THRESHOLD 1 OF CLASS INDICATOR REPO11 FOR CLASS 2 AT ITERATION 9
     * THRESHOLD 1 OF CLASS INDICATOR REPO12 FOR CLASS 2 AT ITERATION 8
     * THRESHOLD 1 OF CLASS INDICATOR REPO13 FOR CLASS 2 AT ITERATION 9
     * THRESHOLD 1 OF CLASS INDICATOR REPO1 FOR CLASS 3 AT ITERATION 11
     * THRESHOLD 1 OF CLASS INDICATOR REPO2 FOR CLASS 3 AT ITERATION 19
     * THRESHOLD 1 OF CLASS INDICATOR REPO3 FOR CLASS 3 AT ITERATION 37
     * THRESHOLD 1 OF CLASS INDICATOR REPO4 FOR CLASS 3 AT ITERATION 12
     * THRESHOLD 1 OF CLASS INDICATOR REPO5 FOR CLASS 3 AT ITERATION 12
     * THRESHOLD 1 OF CLASS INDICATOR REPO6 FOR CLASS 3 AT ITERATION 20
     * THRESHOLD 1 OF CLASS INDICATOR REPO7 FOR CLASS 3 AT ITERATION 20
     * THRESHOLD 1 OF CLASS INDICATOR REPO8 FOR CLASS 3 AT ITERATION 17
     * THRESHOLD 1 OF CLASS INDICATOR REPO9 FOR CLASS 3 AT ITERATION 19
     * THRESHOLD 1 OF CLASS INDICATOR REPO10 FOR CLASS 3 AT ITERATION 20
     * THRESHOLD 1 OF CLASS INDICATOR REPO11 FOR CLASS 3 AT ITERATION 20
     * THRESHOLD 1 OF CLASS INDICATOR REPO12 FOR CLASS 3 AT ITERATION 21
     * THRESHOLD 1 OF CLASS INDICATOR REPO13 FOR CLASS 3 AT ITERATION 17
     * THRESHOLD 1 OF CLASS INDICATOR REPO1 FOR CLASS 4 AT ITERATION 14
     * THRESHOLD 1 OF CLASS INDICATOR REPO3 FOR CLASS 4 AT ITERATION 13
     * THRESHOLD 1 OF CLASS INDICATOR REPO4 FOR CLASS 4 AT ITERATION 12
     * THRESHOLD 1 OF CLASS INDICATOR REPO13 FOR CLASS 4 AT ITERATION 20
     * THRESHOLD 1 OF CLASS INDICATOR REPO1 FOR CLASS 5 AT ITERATION 11
     * THRESHOLD 1 OF CLASS INDICATOR REPO2 FOR CLASS 5 AT ITERATION 40
     * THRESHOLD 1 OF CLASS INDICATOR REPO3 FOR CLASS 5 AT ITERATION 15
     * THRESHOLD 1 OF CLASS INDICATOR REPO4 FOR CLASS 5 AT ITERATION 10
     * THRESHOLD 1 OF CLASS INDICATOR REPO5 FOR CLASS 5 AT ITERATION 17
     * THRESHOLD 1 OF CLASS INDICATOR REPO6 FOR CLASS 5 AT ITERATION 40
     * THRESHOLD 1 OF CLASS INDICATOR REPO7 FOR CLASS 5 AT ITERATION 32
     * THRESHOLD 1 OF CLASS INDICATOR REPO8 FOR CLASS 5 AT ITERATION 23
     * THRESHOLD 1 OF CLASS INDICATOR REPO9 FOR CLASS 5 AT ITERATION 30
     * THRESHOLD 1 OF CLASS INDICATOR REPO10 FOR CLASS 5 AT ITERATION 24
     * THRESHOLD 1 OF CLASS INDICATOR REPO11 FOR CLASS 5 AT ITERATION 43
     * THRESHOLD 1 OF CLASS INDICATOR REPO12 FOR CLASS 5 AT ITERATION 37
     * THRESHOLD 1 OF CLASS INDICATOR REPO13 FOR CLASS 5 AT ITERATION 71





THE MODEL ESTIMATION TERMINATED NORMALLY



MODEL FIT INFORMATION

Number of Free Parameters                       69

Loglikelihood

          H0 Value                      -82445.336
          H0 Scaling Correction Factor      1.0000
            for MLR

Information Criteria

          Akaike (AIC)                  165028.672
          Bayesian (BIC)                165621.710
          Sample-Size Adjusted BIC      165402.428
            (n* = (n + 2) / 24)

Chi-Square Test of Model Fit for the Binary and Ordered Categorical
(Ordinal) Outcomes

          Pearson Chi-Square

          Value                           4853.607
          Degrees of Freedom                  8122
          P-Value                           1.0000

          Likelihood Ratio Chi-Square

          Value                           6043.189
          Degrees of Freedom                  8122
          P-Value                           1.0000



FINAL CLASS COUNTS AND PROPORTIONS FOR THE LATENT CLASSES
BASED ON THE ESTIMATED MODEL

    Latent
   Classes

       1       3725.99903          0.09332
       2       9610.00024          0.24070
       3       3067.99889          0.07684
       4      11888.00118          0.29776
       5      11633.00066          0.29137


FINAL CLASS COUNTS AND PROPORTIONS FOR THE LATENT CLASSES
BASED ON ESTIMATED POSTERIOR PROBABILITIES

    Latent
   Classes

       1       3725.99903          0.09332
       2       9610.00024          0.24070
       3       3067.99889          0.07684
       4      11888.00118          0.29776
       5      11633.00066          0.29137


FINAL CLASS COUNTS AND PROPORTIONS FOR THE LATENT CLASSES
BASED ON THEIR MOST LIKELY LATENT CLASS MEMBERSHIP

Class Counts and Proportions

    Latent
   Classes

       1             3726          0.09332
       2             9610          0.24070
       3             3068          0.07684
       4            11888          0.29776
       5            11633          0.29137


CLASSIFICATION QUALITY

     Entropy                         1.000


Average Latent Class Probabilities for Most Likely Latent Class Membership (Row)
by Latent Class (Column)

           1        2        3        4        5

    1   1.000    0.000    0.000    0.000    0.000
    2   0.000    1.000    0.000    0.000    0.000
    3   0.000    0.000    1.000    0.000    0.000
    4   0.000    0.000    0.000    1.000    0.000
    5   0.000    0.000    0.000    0.000    1.000


Classification Probabilities for the Most Likely Latent Class Membership (Column)
by Latent Class (Row)

           1        2        3        4        5

    1   1.000    0.000    0.000    0.000    0.000
    2   0.000    1.000    0.000    0.000    0.000
    3   0.000    0.000    1.000    0.000    0.000
    4   0.000    0.000    0.000    1.000    0.000
    5   0.000    0.000    0.000    0.000    1.000


Logits for the Classification Probabilities for the Most Likely Latent Class Membership (Column)
by Latent Class (Row)

              1        2        3        4        5

    1     13.816    0.000    0.000    0.000    0.000
    2      0.000   13.816    0.000    0.000    0.000
    3      0.000    0.000   13.816    0.000    0.000
    4      0.000    0.000    0.000   13.816    0.000
    5    -13.816  -13.816  -13.816  -13.816    0.000


MODEL RESULTS

                                                    Two-Tailed
                    Estimate       S.E.  Est./S.E.    P-Value

Latent Class 1

 Thresholds
    REPO1$1          -15.000      0.000    999.000    999.000
    REPO2$1           15.000      0.000    999.000    999.000
    REPO3$1           15.000      0.000    999.000    999.000
    REPO4$1           15.000      0.000    999.000    999.000
    REPO5$1           15.000      0.000    999.000    999.000
    REPO6$1           15.000      0.000    999.000    999.000
    REPO7$1           15.000      0.000    999.000    999.000
    REPO8$1           15.000      0.000    999.000    999.000
    REPO9$1           15.000      0.000    999.000    999.000
    REPO10$1          15.000      0.000    999.000    999.000
    REPO11$1          15.000      0.000    999.000    999.000
    REPO12$1          15.000      0.000    999.000    999.000
    REPO13$1          15.000      0.000    999.000    999.000

Latent Class 2

 Thresholds
    REPO1$1           15.000      0.000    999.000    999.000
    REPO2$1           15.000      0.000    999.000    999.000
    REPO3$1           15.000      0.000    999.000    999.000
    REPO4$1          -15.000      0.000    999.000    999.000
    REPO5$1           15.000      0.000    999.000    999.000
    REPO6$1           15.000      0.000    999.000    999.000
    REPO7$1           15.000      0.000    999.000    999.000
    REPO8$1           15.000      0.000    999.000    999.000
    REPO9$1           15.000      0.000    999.000    999.000
    REPO10$1          15.000      0.000    999.000    999.000
    REPO11$1          15.000      0.000    999.000    999.000
    REPO12$1          15.000      0.000    999.000    999.000
    REPO13$1          15.000      0.000    999.000    999.000

Latent Class 3

 Thresholds
    REPO1$1           15.000      0.000    999.000    999.000
    REPO2$1           15.000      0.000    999.000    999.000
    REPO3$1          -15.000      0.000    999.000    999.000
    REPO4$1           15.000      0.000    999.000    999.000
    REPO5$1           15.000      0.000    999.000    999.000
    REPO6$1           15.000      0.000    999.000    999.000
    REPO7$1           15.000      0.000    999.000    999.000
    REPO8$1           15.000      0.000    999.000    999.000
    REPO9$1           15.000      0.000    999.000    999.000
    REPO10$1          15.000      0.000    999.000    999.000
    REPO11$1          15.000      0.000    999.000    999.000
    REPO12$1          15.000      0.000    999.000    999.000
    REPO13$1          15.000      0.000    999.000    999.000

Latent Class 4

 Thresholds
    REPO1$1           15.000      0.000    999.000    999.000
    REPO2$1            1.793      0.026     68.383      0.000
    REPO3$1           15.000      0.000    999.000    999.000
    REPO4$1           15.000      0.000    999.000    999.000
    REPO5$1            1.898      0.027     69.675      0.000
    REPO6$1            4.790      0.101     47.223      0.000
    REPO7$1            5.618      0.153     36.776      0.000
    REPO8$1            1.574      0.024     64.707      0.000
    REPO9$1            5.101      0.118     43.148      0.000
    REPO10$1           5.335      0.133     40.185      0.000
    REPO11$1           1.429      0.023     61.526      0.000
    REPO12$1           4.233      0.077     54.797      0.000
    REPO13$1          15.000      0.000    999.000    999.000

Latent Class 5

 Thresholds
    REPO1$1           15.000      0.000    999.000    999.000
    REPO2$1           15.000      0.000    999.000    999.000
    REPO3$1           15.000      0.000    999.000    999.000
    REPO4$1           15.000      0.000    999.000    999.000
    REPO5$1           15.000      0.000    999.000    999.000
    REPO6$1           15.000      0.000    999.000    999.000
    REPO7$1           15.000      0.000    999.000    999.000
    REPO8$1           15.000      0.000    999.000    999.000
    REPO9$1           15.000      0.000    999.000    999.000
    REPO10$1          15.000      0.000    999.000    999.000
    REPO11$1          15.000      0.000    999.000    999.000
    REPO12$1          15.000      0.000    999.000    999.000
    REPO13$1         -15.000      0.000    999.000    999.000

Categorical Latent Variables

 Means
    UGROUPS#1         -1.139      0.019    -60.482      0.000
    UGROUPS#2         -0.191      0.014    -13.859      0.000
    UGROUPS#3         -1.333      0.020    -65.671      0.000
    UGROUPS#4          0.022      0.013      1.663      0.096


RESULTS IN PROBABILITY SCALE

Latent Class 1

 REPO1
    Category 1         0.000      0.000      0.000      1.000
    Category 2         1.000      0.000      0.000      1.000
 REPO2
    Category 1         1.000      0.000      0.000      1.000
    Category 2         0.000      0.000      0.000      1.000
 REPO3
    Category 1         1.000      0.000      0.000      1.000
    Category 2         0.000      0.000      0.000      1.000
 REPO4
    Category 1         1.000      0.000      0.000      1.000
    Category 2         0.000      0.000      0.000      1.000
 REPO5
    Category 1         1.000      0.000      0.000      1.000
    Category 2         0.000      0.000      0.000      1.000
 REPO6
    Category 1         1.000      0.000      0.000      1.000
    Category 2         0.000      0.000      0.000      1.000
 REPO7
    Category 1         1.000      0.000      0.000      1.000
    Category 2         0.000      0.000      0.000      1.000
 REPO8
    Category 1         1.000      0.000      0.000      1.000
    Category 2         0.000      0.000      0.000      1.000
 REPO9
    Category 1         1.000      0.000      0.000      1.000
    Category 2         0.000      0.000      0.000      1.000
 REPO10
    Category 1         1.000      0.000      0.000      1.000
    Category 2         0.000      0.000      0.000      1.000
 REPO11
    Category 1         1.000      0.000      0.000      1.000
    Category 2         0.000      0.000      0.000      1.000
 REPO12
    Category 1         1.000      0.000      0.000      1.000
    Category 2         0.000      0.000      0.000      1.000
 REPO13
    Category 1         1.000      0.000      0.000      1.000
    Category 2         0.000      0.000      0.000      1.000

Latent Class 2

 REPO1
    Category 1         1.000      0.000      0.000      1.000
    Category 2         0.000      0.000      0.000      1.000
 REPO2
    Category 1         1.000      0.000      0.000      1.000
    Category 2         0.000      0.000      0.000      1.000
 REPO3
    Category 1         1.000      0.000      0.000      1.000
    Category 2         0.000      0.000      0.000      1.000
 REPO4
    Category 1         0.000      0.000      0.000      1.000
    Category 2         1.000      0.000      0.000      1.000
 REPO5
    Category 1         1.000      0.000      0.000      1.000
    Category 2         0.000      0.000      0.000      1.000
 REPO6
    Category 1         1.000      0.000      0.000      1.000
    Category 2         0.000      0.000      0.000      1.000
 REPO7
    Category 1         1.000      0.000      0.000      1.000
    Category 2         0.000      0.000      0.000      1.000
 REPO8
    Category 1         1.000      0.000      0.000      1.000
    Category 2         0.000      0.000      0.000      1.000
 REPO9
    Category 1         1.000      0.000      0.000      1.000
    Category 2         0.000      0.000      0.000      1.000
 REPO10
    Category 1         1.000      0.000      0.000      1.000
    Category 2         0.000      0.000      0.000      1.000
 REPO11
    Category 1         1.000      0.000      0.000      1.000
    Category 2         0.000      0.000      0.000      1.000
 REPO12
    Category 1         1.000      0.000      0.000      1.000
    Category 2         0.000      0.000      0.000      1.000
 REPO13
    Category 1         1.000      0.000      0.000      1.000
    Category 2         0.000      0.000      0.000      1.000

Latent Class 3

 REPO1
    Category 1         1.000      0.000      0.000      1.000
    Category 2         0.000      0.000      0.000      1.000
 REPO2
    Category 1         1.000      0.000      0.000      1.000
    Category 2         0.000      0.000      0.000      1.000
 REPO3
    Category 1         0.000      0.000      0.000      1.000
    Category 2         1.000      0.000      0.000      1.000
 REPO4
    Category 1         1.000      0.000      0.000      1.000
    Category 2         0.000      0.000      0.000      1.000
 REPO5
    Category 1         1.000      0.000      0.000      1.000
    Category 2         0.000      0.000      0.000      1.000
 REPO6
    Category 1         1.000      0.000      0.000      1.000
    Category 2         0.000      0.000      0.000      1.000
 REPO7
    Category 1         1.000      0.000      0.000      1.000
    Category 2         0.000      0.000      0.000      1.000
 REPO8
    Category 1         1.000      0.000      0.000      1.000
    Category 2         0.000      0.000      0.000      1.000
 REPO9
    Category 1         1.000      0.000      0.000      1.000
    Category 2         0.000      0.000      0.000      1.000
 REPO10
    Category 1         1.000      0.000      0.000      1.000
    Category 2         0.000      0.000      0.000      1.000
 REPO11
    Category 1         1.000      0.000      0.000      1.000
    Category 2         0.000      0.000      0.000      1.000
 REPO12
    Category 1         1.000      0.000      0.000      1.000
    Category 2         0.000      0.000      0.000      1.000
 REPO13
    Category 1         1.000      0.000      0.000      1.000
    Category 2         0.000      0.000      0.000      1.000

Latent Class 4

 REPO1
    Category 1         1.000      0.000      0.000      1.000
    Category 2         0.000      0.000      0.000      1.000
 REPO2
    Category 1         0.857      0.003    267.283      0.000
    Category 2         0.143      0.003     44.477      0.000
 REPO3
    Category 1         1.000      0.000      0.000      1.000
    Category 2         0.000      0.000      0.000      1.000
 REPO4
    Category 1         1.000      0.000      0.000      1.000
    Category 2         0.000      0.000      0.000      1.000
 REPO5
    Category 1         0.870      0.003    281.688      0.000
    Category 2         0.130      0.003     42.203      0.000
 REPO6
    Category 1         0.992      0.001   1195.909      0.000
    Category 2         0.008      0.001      9.941      0.000
 REPO7
    Category 1         0.996      0.001   1809.621      0.000
    Category 2         0.004      0.001      6.569      0.000
 REPO8
    Category 1         0.828      0.003    239.489      0.000
    Category 2         0.172      0.003     49.639      0.000
 REPO9
    Category 1         0.994      0.001   1396.765      0.000
    Category 2         0.006      0.001      8.511      0.000
 REPO10
    Category 1         0.995      0.001   1570.825      0.000
    Category 2         0.005      0.001      7.568      0.000
 REPO11
    Category 1         0.807      0.004    222.795      0.000
    Category 2         0.193      0.004     53.358      0.000
 REPO12
    Category 1         0.986      0.001    905.225      0.000
    Category 2         0.014      0.001     13.133      0.000
 REPO13
    Category 1         1.000      0.000      0.000      1.000
    Category 2         0.000      0.000      0.000      1.000

Latent Class 5

 REPO1
    Category 1         1.000      0.000      0.000      1.000
    Category 2         0.000      0.000      0.000      1.000
 REPO2
    Category 1         1.000      0.000      0.000      1.000
    Category 2         0.000      0.000      0.000      1.000
 REPO3
    Category 1         1.000      0.000      0.000      1.000
    Category 2         0.000      0.000      0.000      1.000
 REPO4
    Category 1         1.000      0.000      0.000      1.000
    Category 2         0.000      0.000      0.000      1.000
 REPO5
    Category 1         1.000      0.000      0.000      1.000
    Category 2         0.000      0.000      0.000      1.000
 REPO6
    Category 1         1.000      0.000      0.000      1.000
    Category 2         0.000      0.000      0.000      1.000
 REPO7
    Category 1         1.000      0.000      0.000      1.000
    Category 2         0.000      0.000      0.000      1.000
 REPO8
    Category 1         1.000      0.000      0.000      1.000
    Category 2         0.000      0.000      0.000      1.000
 REPO9
    Category 1         1.000      0.000      0.000      1.000
    Category 2         0.000      0.000      0.000      1.000
 REPO10
    Category 1         1.000      0.000      0.000      1.000
    Category 2         0.000      0.000      0.000      1.000
 REPO11
    Category 1         1.000      0.000      0.000      1.000
    Category 2         0.000      0.000      0.000      1.000
 REPO12
    Category 1         1.000      0.000      0.000      1.000
    Category 2         0.000      0.000      0.000      1.000
 REPO13
    Category 1         0.000      0.000      0.000      1.000
    Category 2         1.000      0.000      0.000      1.000


LATENT CLASS ODDS RATIO RESULTS

Latent Class 1 Compared to Latent Class 2

 REPO1
    Category > 1   *********      0.000    999.000    999.000
 REPO2
    Category > 1       1.000      0.000    999.000    999.000
 REPO3
    Category > 1       1.000      0.000    999.000    999.000
 REPO4
    Category > 1       0.000      0.000    999.000    999.000
 REPO5
    Category > 1       1.000      0.000    999.000    999.000
 REPO6
    Category > 1       1.000      0.000    999.000    999.000
 REPO7
    Category > 1       1.000      0.000    999.000    999.000
 REPO8
    Category > 1       1.000      0.000    999.000    999.000
 REPO9
    Category > 1       1.000      0.000    999.000    999.000
 REPO10
    Category > 1       1.000      0.000    999.000    999.000
 REPO11
    Category > 1       1.000      0.000    999.000    999.000
 REPO12
    Category > 1       1.000      0.000    999.000    999.000
 REPO13
    Category > 1       1.000      0.000    999.000    999.000

Latent Class 1 Compared to Latent Class 3

 REPO1
    Category > 1   *********      0.000    999.000    999.000
 REPO2
    Category > 1       1.000      0.000    999.000    999.000
 REPO3
    Category > 1       0.000      0.000    999.000    999.000
 REPO4
    Category > 1       1.000      0.000    999.000    999.000
 REPO5
    Category > 1       1.000      0.000    999.000    999.000
 REPO6
    Category > 1       1.000      0.000    999.000    999.000
 REPO7
    Category > 1       1.000      0.000    999.000    999.000
 REPO8
    Category > 1       1.000      0.000    999.000    999.000
 REPO9
    Category > 1       1.000      0.000    999.000    999.000
 REPO10
    Category > 1       1.000      0.000    999.000    999.000
 REPO11
    Category > 1       1.000      0.000    999.000    999.000
 REPO12
    Category > 1       1.000      0.000    999.000    999.000
 REPO13
    Category > 1       1.000      0.000    999.000    999.000

Latent Class 1 Compared to Latent Class 4

 REPO1
    Category > 1   *********      0.000    999.000    999.000
 REPO2
    Category > 1       0.000      0.000    999.000    999.000
 REPO3
    Category > 1       1.000      0.000    999.000    999.000
 REPO4
    Category > 1       1.000      0.000    999.000    999.000
 REPO5
    Category > 1       0.000      0.000    999.000    999.000
 REPO6
    Category > 1       0.000      0.000    999.000    999.000
 REPO7
    Category > 1       0.000      0.000    999.000    999.000
 REPO8
    Category > 1       0.000      0.000    999.000    999.000
 REPO9
    Category > 1       0.000      0.000    999.000    999.000
 REPO10
    Category > 1       0.000      0.000    999.000    999.000
 REPO11
    Category > 1       0.000      0.000    999.000    999.000
 REPO12
    Category > 1       0.000      0.000    999.000    999.000
 REPO13
    Category > 1       1.000      0.000    999.000    999.000

Latent Class 1 Compared to Latent Class 5

 REPO1
    Category > 1   *********      0.000    999.000    999.000
 REPO2
    Category > 1       1.000      0.000    999.000    999.000
 REPO3
    Category > 1       1.000      0.000    999.000    999.000
 REPO4
    Category > 1       1.000      0.000    999.000    999.000
 REPO5
    Category > 1       1.000      0.000    999.000    999.000
 REPO6
    Category > 1       1.000      0.000    999.000    999.000
 REPO7
    Category > 1       1.000      0.000    999.000    999.000
 REPO8
    Category > 1       1.000      0.000    999.000    999.000
 REPO9
    Category > 1       1.000      0.000    999.000    999.000
 REPO10
    Category > 1       1.000      0.000    999.000    999.000
 REPO11
    Category > 1       1.000      0.000    999.000    999.000
 REPO12
    Category > 1       1.000      0.000    999.000    999.000
 REPO13
    Category > 1       0.000      0.000    999.000    999.000

Latent Class 2 Compared to Latent Class 3

 REPO1
    Category > 1       1.000      0.000    999.000    999.000
 REPO2
    Category > 1       1.000      0.000    999.000    999.000
 REPO3
    Category > 1       0.000      0.000    999.000    999.000
 REPO4
    Category > 1   *********      0.000    999.000    999.000
 REPO5
    Category > 1       1.000      0.000    999.000    999.000
 REPO6
    Category > 1       1.000      0.000    999.000    999.000
 REPO7
    Category > 1       1.000      0.000    999.000    999.000
 REPO8
    Category > 1       1.000      0.000    999.000    999.000
 REPO9
    Category > 1       1.000      0.000    999.000    999.000
 REPO10
    Category > 1       1.000      0.000    999.000    999.000
 REPO11
    Category > 1       1.000      0.000    999.000    999.000
 REPO12
    Category > 1       1.000      0.000    999.000    999.000
 REPO13
    Category > 1       1.000      0.000    999.000    999.000

Latent Class 2 Compared to Latent Class 4

 REPO1
    Category > 1       1.000      0.000    999.000    999.000
 REPO2
    Category > 1       0.000      0.000    999.000    999.000
 REPO3
    Category > 1       1.000      0.000    999.000    999.000
 REPO4
    Category > 1   *********      0.000    999.000    999.000
 REPO5
    Category > 1       0.000      0.000    999.000    999.000
 REPO6
    Category > 1       0.000      0.000    999.000    999.000
 REPO7
    Category > 1       0.000      0.000    999.000    999.000
 REPO8
    Category > 1       0.000      0.000    999.000    999.000
 REPO9
    Category > 1       0.000      0.000    999.000    999.000
 REPO10
    Category > 1       0.000      0.000    999.000    999.000
 REPO11
    Category > 1       0.000      0.000    999.000    999.000
 REPO12
    Category > 1       0.000      0.000    999.000    999.000
 REPO13
    Category > 1       1.000      0.000    999.000    999.000

Latent Class 2 Compared to Latent Class 5

 REPO1
    Category > 1       1.000      0.000    999.000    999.000
 REPO2
    Category > 1       1.000      0.000    999.000    999.000
 REPO3
    Category > 1       1.000      0.000    999.000    999.000
 REPO4
    Category > 1   *********      0.000    999.000    999.000
 REPO5
    Category > 1       1.000      0.000    999.000    999.000
 REPO6
    Category > 1       1.000      0.000    999.000    999.000
 REPO7
    Category > 1       1.000      0.000    999.000    999.000
 REPO8
    Category > 1       1.000      0.000    999.000    999.000
 REPO9
    Category > 1       1.000      0.000    999.000    999.000
 REPO10
    Category > 1       1.000      0.000    999.000    999.000
 REPO11
    Category > 1       1.000      0.000    999.000    999.000
 REPO12
    Category > 1       1.000      0.000    999.000    999.000
 REPO13
    Category > 1       0.000      0.000    999.000    999.000

Latent Class 3 Compared to Latent Class 4

 REPO1
    Category > 1       1.000      0.000    999.000    999.000
 REPO2
    Category > 1       0.000      0.000    999.000    999.000
 REPO3
    Category > 1   *********      0.000    999.000    999.000
 REPO4
    Category > 1       1.000      0.000    999.000    999.000
 REPO5
    Category > 1       0.000      0.000    999.000    999.000
 REPO6
    Category > 1       0.000      0.000    999.000    999.000
 REPO7
    Category > 1       0.000      0.000    999.000    999.000
 REPO8
    Category > 1       0.000      0.000    999.000    999.000
 REPO9
    Category > 1       0.000      0.000    999.000    999.000
 REPO10
    Category > 1       0.000      0.000    999.000    999.000
 REPO11
    Category > 1       0.000      0.000    999.000    999.000
 REPO12
    Category > 1       0.000      0.000    999.000    999.000
 REPO13
    Category > 1       1.000      0.000    999.000    999.000

Latent Class 3 Compared to Latent Class 5

 REPO1
    Category > 1       1.000      0.000    999.000    999.000
 REPO2
    Category > 1       1.000      0.000    999.000    999.000
 REPO3
    Category > 1   *********      0.000    999.000    999.000
 REPO4
    Category > 1       1.000      0.000    999.000    999.000
 REPO5
    Category > 1       1.000      0.000    999.000    999.000
 REPO6
    Category > 1       1.000      0.000    999.000    999.000
 REPO7
    Category > 1       1.000      0.000    999.000    999.000
 REPO8
    Category > 1       1.000      0.000    999.000    999.000
 REPO9
    Category > 1       1.000      0.000    999.000    999.000
 REPO10
    Category > 1       1.000      0.000    999.000    999.000
 REPO11
    Category > 1       1.000      0.000    999.000    999.000
 REPO12
    Category > 1       1.000      0.000    999.000    999.000
 REPO13
    Category > 1       0.000      0.000    999.000    999.000

Latent Class 4 Compared to Latent Class 5

 REPO1
    Category > 1       1.000      0.000    999.000    999.000
 REPO2
    Category > 1   *********      0.000    999.000    999.000
 REPO3
    Category > 1       1.000      0.000    999.000    999.000
 REPO4
    Category > 1       1.000      0.000    999.000    999.000
 REPO5
    Category > 1   *********      0.000    999.000    999.000
 REPO6
    Category > 1   27172.480      0.000    999.000    999.000
 REPO7
    Category > 1   11867.269      0.000    999.000    999.000
 REPO8
    Category > 1   *********      0.000    999.000    999.000
 REPO9
    Category > 1   19919.531      0.000    999.000    999.000
 REPO10
    Category > 1   15749.639      0.000    999.000    999.000
 REPO11
    Category > 1   *********      0.000    999.000    999.000
 REPO12
    Category > 1   47425.590      0.000    999.000    999.000
 REPO13
    Category > 1       0.000      0.000    999.000    999.000


QUALITY OF NUMERICAL RESULTS

     Condition Number for the Information Matrix              0.930E-04
       (ratio of smallest to largest eigenvalue)


TECHNICAL 14 OUTPUT

     Random Starts Specifications for the k-1 Class Analysis Model
        Number of initial stage random starts                  20
        Number of final stage optimizations                     4

     Random Starts Specification for the k-1 Class Model for Generated Data
        Number of initial stage random starts                   0
        Number of final stage optimizations for the
           initial stage random starts                          0
     Random Starts Specification for the k Class Model for Generated Data
        Number of initial stage random starts                  40
        Number of final stage optimizations                     8
     Number of bootstrap draws requested                   Varies


     PARAMETRIC BOOTSTRAPPED LIKELIHOOD RATIO TEST FOR 4 (H0) VERSUS 5 CLASSES

          H0 Loglikelihood Value                       -85293.183
          2 Times the Loglikelihood Difference           5695.695
          Difference in the Number of Parameters               14
          Approximate P-Value                              0.0000
          Successful Bootstrap Draws                            5

     WARNING:  OF THE 5 BOOTSTRAP DRAWS, 3 DRAWS HAD BOTH A SMALLER LRT VALUE THAN THE
     OBSERVED LRT VALUE AND NOT A REPLICATED BEST LOGLIKELIHOOD VALUE FOR THE 5-CLASS MODEL.
     THIS MEANS THAT THE P-VALUE MAY NOT BE TRUSTWORTHY DUE TO LOCAL MAXIMA.
     INCREASE THE NUMBER OF RANDOM STARTS USING THE LRTSTARTS OPTION.



PLOT INFORMATION

The following plots are available:

  Histograms (sample values, outliers)
  Scatterplots (sample values, outliers)
  Sample proportions and estimated probabilities

SAVEDATA INFORMATION


  Save file
    ~/Desktop/sdpmplus/output/final/singlelevel/allClass5/nocv/data.dat

  Order of variables

    REPO1
    REPO2
    REPO3
    REPO4
    REPO5
    REPO6
    REPO7
    REPO8
    REPO9
    REPO10
    REPO11
    REPO12
    REPO13
    PRIMKEY
    REQTIME
    REPORTCL
    REPORTCA
    FUNCTION
    EMAILMER
    USERID
    DATE
    MONTH
    HOUR
    MINUTE
    SECOND
    WEEKDAY
    JULDAY
    WEEKYR
    ELAPSES
    ELAPSEM
    ELAPSEH
    DAYORDER
    OVORDER
    DAYTOTAL
    OVTOTAL
    TOTDAYS
    REPORT
    USERNAME
    FUNC1
    FUNC2
    FUNC3
    FUNC4
    FUNC5
    FUNC6
    FUNC7
    ESEDUC
    HSEDUC
    MSEDUC
    SCHID
    OUTLOGL
    CPROB1
    CPROB2
    CPROB3
    CPROB4
    CPROB5
    UGROUPS

  Save file format           Free

  Save file record length    10000


     Beginning Time:  02:32:38
        Ending Time:  02:32:50
       Elapsed Time:  00:00:12



MUTHEN & MUTHEN
3463 Stoner Ave.
Los Angeles, CA  90066

Tel: (310) 391-9971
Fax: (310) 391-8971
Web: www.StatModel.com
Support: Support@StatModel.com

Copyright (c) 1998-2015 Muthen & Muthen
