Mplus VERSION 7.31 (Mac)
MUTHEN & MUTHEN
07/26/2015  11:21 AM

INPUT INSTRUCTIONS

  Title:
  FCPS Educators use of the NWEA Data Portal:
  Two Level Model with Covariates and Five Estimated
  Between Subjects Latent Classes

  ! The following variables were converted:
  ! reqtime : System Timestamp
  ! reportclass : Description of Report Accessed by User
  ! reportcat : report_type_description
  ! repo1 : Report Type = ASG_Class_Report
  ! repo2 : Report Type = Admin Reports
  ! repo3 : Report Type = Class_By_RIT
  ! repo4 : Report Type = Class_Report
  ! repo5 : Report Type = Class_by_Goal
  ! repo6 : Report Type = Class_by_Projected_Proficiency
  ! repo7 : Report Type = District_Summary
  ! repo8 : Report Type = Grade_Report
  ! repo9 : Report Type = MPG Reports
  ! repo10 : Report Type = Projected_Proficiency_Summary
  ! repo11 : Report Type = Student_Goal_Setting_Worksheet
  ! repo12 : Report Type = Student_Growth_Summary
  ! repo13 : Report Type = Student_Progress_Report
  ! function : Job Function of User
  ! emailmerge : Indicator from full outer join of usage and directory data
  ! userid : User ID
  ! date : Date
  ! month : Month of Year (text)
  ! hour : Hour of Day
  ! minute : Minute of Hour
  ! second : Second of Minute
  ! weekday : Day of Week (text)
  ! julday : Julian Calendar Day
  ! weekyr : Week of Year
  ! elapses : Seconds Elapsed within Session
  ! elapsem : Minutes Elapsed within Session
  ! elapseh : Hours Elapsed within Session
  ! dayorder : Session Sequence ID
  ! ovorder : Overall Sequence ID
  ! daytotal : Total # of Reports for Day
  ! ovtotal : Overall total # of Reports Viewed
  ! totdays : Total Days with data viewed
  ! report : report_type_description
  ! 1: ASG_Class_Report
  ! 2: Class_By_RIT
  ! 3: Class_Report
  ! 4: Class_by_Goal
  ! 5: Class_by_Projected_Proficiency
  ! 6: DesCartes_Query
  ! 7: District_Summary
  ! 8: Grade_Report
  ! 9: MPG_Student
  ! 10: MPG_Sub-Skill_Performance
  ! 11: MPG_Teacher
  ! 12: pgid
  ! 13: Potential_Duplicate_Profiles
  ! 14: Profiles_With_Shared_IDs
  ! 15: Projected_Proficiency_Summary
  ! 16: Student_Goal_Setting_Worksheet
  ! 17: Student_Growth_Summary
  ! 18: Student_Progress_Report
  ! 19: Students_Without_Reporting_Attributes
  ! 20: Students_Without_Valid_Test_Results
  ! 21: Test_Events_By_Status
  ! 22: User_Roles
  ! username : User ID w/Email Address Labels
  ! func1 : function==Unknown
  ! func2 : function==Accounting/Clerical/Ops
  ! func3 : function==Information Tech/Systems
  ! func4 : function==District Administration/Central Office
  ! func5 : function==School Administration
  ! func6 : function==Special Ed/Ed Specialists
  ! func7 : function==Classroom Educators
  ! eseduc : Elementary School Educator
  ! hseduc : High School Educator
  ! mseduc : Middle School Educator
  ! primkey : Primary Key for all Records in File
  ! schid : School of Employment

  DATA:
   FILE IS ~/Desktop/sdpmplus/data/sdpCapstoneData.dat ;

  VARIABLE:
  NAMES ARE reqtime reportcl reportca repo1 repo2 repo3 repo4 repo5 repo6
  repo7 repo8 repo9 repo10 repo11 repo12 repo13 function emailmer userid
  date month hour minute second weekday julday weekyr elapses elapsem
  elapseh dayorder ovorder daytotal ovtotal totdays report username func1
  func2 func3 func4 func5 func6 func7 eseduc hseduc mseduc primkey schid ;

  MISSING ARE .;

  ! Defines a single within subject latent class and a between subjects latent class
  CLASSES = UGROUPS(5) SESSION(5);

  ! Defines the dummy variables as ordered categories
  CATEGORICAL ARE repo1 repo2 repo3 repo4 repo5 repo6 repo7 repo8 repo9
  repo10 repo11 repo12 repo13;

  ! Defines variables that vary within individuals
  WITHIN ARE repo1 repo2 repo3 repo4 repo5 repo6 repo7 repo8 repo9
  repo10 repo11 repo12 repo13 SESSION;

  ! Define Between level variables
  BETWEEN ARE UGROUPS totdays eseduc mseduc hseduc;

  ! Defines the variable used to identify the clusters
  CLUSTER IS userid ;

  IDVARIABLE = primkey;

  AUXILIARY ARE reqtime reportcl reportca function emailmer
  date month hour minute second weekday julday weekyr elapses elapsem
  elapseh dayorder ovorder daytotal ovtotal report username func1
  func2 func3 func4 func5 func6 func7 schid ;

  ! Defines the variables to be used in the analysis
  USEVARIABLES ARE repo1 repo2 repo3 repo4 repo5 repo6 repo7 repo8 repo9 repo10 repo11
  repo12 repo13 totdays eseduc hseduc mseduc;

  ! Only Select records for staff who used the system at least 1 time
  USEOBSERVATIONS = emailmer NE 2;

  ! Standardize the value of the total number of days the platform was used
  DEFINE:
  	STANDARDIZE totdays;

  ! Define analytical parameters
  ANALYSIS:
  	TYPE = TWOLEVEL MIXTURE;
  	STARTS = 100 25;
  	PROCESS = 8(STARTS);
  	PROCESSORS = 8;
  	STSEED = 7779311;
  	OPTSEED = 649958;
  	
  ! Define the model
  MODEL:
  	%WITHIN%
  	%OVERALL%
       	[ session#1@-3.09634 ];
       	[ session#2@-3.10424 ];
       	[ session#3@-2.63484 ];
       	[ session#4@-1.55497 ];

       	%BETWEEN%
       	%OVERALL%
  	UGROUPS ON totdays eseduc hseduc mseduc;
       	session#1 ON ugroups#1@3.16439;
       	session#1 ON ugroups#2@1.98645;
       	session#1 ON ugroups#3@2.02329;
       	session#1 ON ugroups#4@2.29638;
       	session#2 ON ugroups#1@1.16894;
       	session#2 ON ugroups#2@2.84839;
       	session#2 ON ugroups#3@1.32026;
       	session#2 ON ugroups#4@1.23109;
       	session#3 ON ugroups#1@1.57131;
       	session#3 ON ugroups#2@2.12082;
       	session#3 ON ugroups#3@3.23895;
       	session#3 ON ugroups#4@3.70944;
       	session#4 ON ugroups#1@0.84971;
       	session#4 ON ugroups#2@1.86927;
       	session#4 ON ugroups#3@3.79940;
       	session#4 ON ugroups#4@1.31461;
       	[ ugroups#1@-0.12506 ];
       	[ ugroups#2@0.20959 ];
       	[ ugroups#3@-0.08812 ];
       	[ ugroups#4@0.15333 ];
  	
  MODEL SESSION:
       	%WITHIN%
       	%SESSION#1%
       	[ repo1$1@-15 ] (1);
       	[ repo2$1@15 ] (2);
       	[ repo3$1@15 ] (3);
       	[ repo4$1@15 ] (4);
       	[ repo5$1@15 ] (5);
       	[ repo6$1@15 ] (6);
       	[ repo7$1@15 ] (7);
       	[ repo8$1@15 ] (8);
       	[ repo9$1@15 ] (9);
       	[ repo10$1@15 ] (10);
       	[ repo11$1@15 ] (11);
       	[ repo12$1@15 ] (12);
       	[ repo13$1@15 ] (13);
  	
       	%SESSION#2%
       	[ repo1$1@15 ] (14);
       	[ repo2$1@15 ] (15);
       	[ repo3$1@15 ] (16);
       	[ repo4$1@15 ] (17);
       	[ repo5$1@15 ] (18);
       	[ repo6$1@15 ] (19);
       	[ repo7$1@15 ] (20);
       	[ repo8$1@15 ] (21);
       	[ repo9$1@15 ] (22);
       	[ repo10$1@15 ] (23);
       	[ repo11$1@-15 ] (24);
       	[ repo12$1@15 ] (25);
       	[ repo13$1@15 ] (26);
  	
       	%SESSION#3%
       	[ repo1$1@15 ] (27);
       	[ repo2$1@1.43154 ] (28);
       	[ repo3$1@0.62399 ] (29);
       	[ repo4$1@15 ] (30);
       	[ repo5$1@1.54270 ] (31);
       	[ repo6$1@4.48565 ] (32);
       	[ repo7$1@5.31572 ] (33);
       	[ repo8$1@1.19655 ] (34);
       	[ repo9$1@4.79694 ] (35);
       	[ repo10$1@5.03227 ] (36);
       	[ repo11$1@15 ] (37);
       	[ repo12$1@3.92651 ] (38);
       	[ repo13$1@15 ] (39);

       	%SESSION#4%
       	[ repo1$1@15 ] (40);
       	[ repo2$1@15 ] (41);
       	[ repo3$1@15 ] (42);
       	[ repo4$1@15 ] (43);
       	[ repo5$1@15 ] (44);
       	[ repo6$1@15 ] (45);
       	[ repo7$1@15 ] (46);
       	[ repo8$1@15 ] (47);
       	[ repo9$1@15 ] (48);
       	[ repo10$1@15 ] (49);
       	[ repo11$1@15 ] (50);
       	[ repo12$1@15 ] (51);
       	[ repo13$1@-15 ] (52);
  	
       	%SESSION#5%
       	[ repo1$1@15 ] (53);
       	[ repo2$1@15 ] (54);
       	[ repo3$1@15 ] (55);
       	[ repo4$1@-15 ] (56);
       	[ repo5$1@15 ] (57);
       	[ repo6$1@15 ] (58);
       	[ repo7$1@15 ] (59);
       	[ repo8$1@15 ] (60);
       	[ repo9$1@15 ] (61);
       	[ repo10$1@15 ] (62);
       	[ repo11$1@15 ] (63);
       	[ repo12$1@15 ] (64);
       	[ repo13$1@15 ] (65);

  ! Define what output/results will be saved
  SAVEDATA:
  	FILE IS ~/Desktop/sdpmplus/output/usersonly/twolevel/classes5/cv/finalModel/data.dat;
  	SAVE IS CPROB;
  	FORMAT IS FREE;

  PLOT:
  	TYPE IS PLOT3;
  	



INPUT READING TERMINATED NORMALLY




FCPS Educators use of the NWEA Data Portal:
Two Level Model with Covariates and Five Estimated
Between Subjects Latent Classes

SUMMARY OF ANALYSIS

Number of groups                                                 1
Number of observations                                       36060

Number of dependent variables                                   13
Number of independent variables                                  4
Number of continuous latent variables                            0
Number of categorical latent variables                           2

Observed dependent variables

  Binary and ordered categorical (ordinal)
   REPO1       REPO2       REPO3       REPO4       REPO5       REPO6
   REPO7       REPO8       REPO9       REPO10      REPO11      REPO12
   REPO13

Observed independent variables
   TOTDAYS     ESEDUC      HSEDUC      MSEDUC

Observed auxiliary variables
   REQTIME     REPORTCL    REPORTCA    FUNCTION    EMAILMER    DATE
   MONTH       HOUR        MINUTE      SECOND      WEEKDAY     JULDAY
   WEEKYR      ELAPSES     ELAPSEM     ELAPSEH     DAYORDER    OVORDER
   DAYTOTAL    OVTOTAL     REPORT      USERNAME    FUNC1       FUNC2
   FUNC3       FUNC4       FUNC5       FUNC6       FUNC7       SCHID

Categorical latent variables
   UGROUPS     SESSION

Variables with special functions

  Cluster variable      USERID
  ID variable           PRIMKEY

  Within variables
   REPO1       REPO2       REPO3       REPO4       REPO5       REPO6
   REPO7       REPO8       REPO9       REPO10      REPO11      REPO12
   REPO13

  Between variables
   TOTDAYS     ESEDUC      HSEDUC      MSEDUC


Estimator                                                      MLR
Information matrix                                        OBSERVED
Optimization Specifications for the Quasi-Newton Algorithm for
Continuous Outcomes
  Maximum number of iterations                                 100
  Convergence criterion                                  0.100D-05
Optimization Specifications for the EM Algorithm
  Maximum number of iterations                                 500
  Convergence criteria
    Loglikelihood change                                 0.100D-02
    Relative loglikelihood change                        0.100D-05
    Derivative                                           0.100D-02
Optimization Specifications for the M step of the EM Algorithm for
Categorical Latent variables
  Number of M step iterations                                    1
  M step convergence criterion                           0.100D-02
  Basis for M step termination                           ITERATION
Optimization Specifications for the M step of the EM Algorithm for
Censored, Binary or Ordered Categorical (Ordinal), Unordered
Categorical (Nominal) and Count Outcomes
  Number of M step iterations                                    1
  M step convergence criterion                           0.100D-02
  Basis for M step termination                           ITERATION
  Maximum value for logit thresholds                            15
  Minimum value for logit thresholds                           -15
  Minimum expected cell size for chi-square              0.100D-01
Maximum number of iterations for H1                           2000
Convergence criterion for H1                             0.100D-03
Optimization algorithm                                         EMA
Integration Specifications
  Type                                                    STANDARD
  Number of integration points                                  15
  Dimensions of numerical integration                            0
  Adaptive quadrature                                           ON
Random Starts Specifications
  Random seed for analysis                                  649958
Parameterization                                             LOGIT
Link                                                         LOGIT
Cholesky                                                       OFF

Input data file(s)
  ~/Desktop/sdpmplus/data/sdpCapstoneData.dat
Input data format  FREE


SUMMARY OF DATA

     Number of missing data patterns             1
     Number of y missing data patterns           0
     Number of u missing data patterns           1
     Number of clusters                       1317



COVARIANCE COVERAGE OF DATA

Minimum covariance coverage value   0.100


UNIVARIATE PROPORTIONS AND COUNTS FOR CATEGORICAL VARIABLES

    REPO1
      Category 1    0.897        32334.000
      Category 2    0.103         3726.000
    REPO2
      Category 1    0.953        34364.000
      Category 2    0.047         1696.000
    REPO3
      Category 1    0.915        32992.000
      Category 2    0.085         3068.000
    REPO4
      Category 1    0.733        26450.000
      Category 2    0.267         9610.000
    REPO5
      Category 1    0.957        34511.000
      Category 2    0.043         1549.000
    REPO6
      Category 1    0.997        35962.000
      Category 2    0.003           98.000
    REPO7
      Category 1    0.999        36017.000
      Category 2    0.001           43.000
    REPO8
      Category 1    0.943        34019.000
      Category 2    0.057         2041.000
    REPO9
      Category 1    0.998        35988.000
      Category 2    0.002           72.000
    REPO10
      Category 1    0.998        36003.000
      Category 2    0.002           57.000
    REPO11
      Category 1    0.936        33763.000
      Category 2    0.064         2297.000
    REPO12
      Category 1    0.995        35890.000
      Category 2    0.005          170.000
    REPO13
      Category 1    0.677        24427.000
      Category 2    0.323        11633.000



THE MODEL ESTIMATION TERMINATED NORMALLY



MODEL FIT INFORMATION

Number of Free Parameters                       16

Loglikelihood

          H0 Value                      -66048.248
          H0 Scaling Correction Factor      1.0107
            for MLR

Information Criteria

          Akaike (AIC)                  132128.496
          Bayesian (BIC)                132264.383
          Sample-Size Adjusted BIC      132213.535
            (n* = (n + 2) / 24)



MODEL RESULTS USE THE LATENT CLASS VARIABLE ORDER

   UGROUPS  SESSION

  Latent Class Variable Patterns

    UGROUPS   SESSION
      Class     Class

         1         1
         1         2
         1         3
         1         4
         1         5
         2         1
         2         2
         2         3
         2         4
         2         5
         3         1
         3         2
         3         3
         3         4
         3         5
         4         1
         4         2
         4         3
         4         4
         4         5
         5         1
         5         2
         5         3
         5         4
         5         5


FINAL CLASS COUNTS AND PROPORTIONS FOR THE LATENT CLASS PATTERNS
BASED ON ESTIMATED POSTERIOR PROBABILITIES

  Latent Class
    Pattern

    1  1       1857.91848          0.05152
    1  2        250.78230          0.00695
    1  3        599.91708          0.01664
    1  4        857.30529          0.02377
    1  5       1729.93337          0.04797
    2  1        642.61445          0.01782
    2  2       1499.29086          0.04158
    2  3       1177.38263          0.03265
    2  4       2699.92676          0.07487
    2  5       1959.19644          0.05433
    3  1        208.06405          0.00577
    3  2        101.39854          0.00281
    3  3       1126.59879          0.03124
    3  4       5841.01506          0.16198
    3  5        604.03893          0.01675
    4  1        862.94027          0.02393
    4  2        294.65396          0.00817
    4  3       5644.19934          0.15652
    4  4       1514.33744          0.04199
    4  5       1913.77332          0.05307
    5  1        154.46191          0.00428
    5  2        150.87351          0.00418
    5  3        245.90553          0.00682
    5  4        720.41459          0.01998
    5  5       3403.05711          0.09437


FINAL CLASS COUNTS AND PROPORTIONS FOR EACH LATENT CLASS VARIABLE
BASED ON ESTIMATED POSTERIOR PROBABILITIES

  Latent Class
    Variable    Class

    UGROUPS        1      5295.85645          0.14686
                   2      7978.41113          0.22125
                   3      7881.11572          0.21856
                   4     10229.90430          0.28369
                   5      4674.71240          0.12964
    SESSION        1      3725.99902          0.10333
                   2      2296.99927          0.06370
                   3      8794.00293          0.24387
                   4     11633.00000          0.32260
                   5      9609.99902          0.26650


FINAL CLASS COUNTS AND PROPORTIONS FOR THE LATENT CLASS PATTERNS
BASED ON THEIR MOST LIKELY LATENT CLASS PATTERN

Class Counts and Proportions

  Latent Class
    Pattern

    1  1             1876          0.05202
    1  2              247          0.00685
    1  3              588          0.01631
    1  4              843          0.02338
    1  5             1712          0.04748
    2  1              625          0.01733
    2  2             1519          0.04212
    2  3             1166          0.03233
    2  4             2660          0.07377
    2  5             1925          0.05338
    3  1              205          0.00568
    3  2              101          0.00280
    3  3             1115          0.03092
    3  4             5880          0.16306
    3  5              603          0.01672
    4  1              867          0.02404
    4  2              288          0.00799
    4  3             5678          0.15746
    4  4             1524          0.04226
    4  5             1911          0.05300
    5  1              153          0.00424
    5  2              142          0.00394
    5  3              247          0.00685
    5  4              726          0.02013
    5  5             3459          0.09592


FINAL CLASS COUNTS AND PROPORTIONS FOR EACH LATENT CLASS VARIABLE
BASED ON THEIR MOST LIKELY LATENT CLASS PATTERN

  Latent Class
    Variable    Class

    UGROUPS        1            5266          0.14603
                   2            7895          0.21894
                   3            7904          0.21919
                   4           10268          0.28475
                   5            4727          0.13109
    SESSION        1            3726          0.10333
                   2            2297          0.06370
                   3            8794          0.24387
                   4           11633          0.32260
                   5            9610          0.26650


CLASSIFICATION QUALITY

     Entropy                         0.964


Average Latent Class Probabilities for Most Likely Latent Class Pattern (Row)
by Latent Class Pattern (Column)

  Latent Class Variable Patterns

  Latent Class    UGROUPS   SESSION
   Pattern No.      Class     Class

         1             1         1
         2             1         2
         3             1         3
         4             1         4
         5             1         5
         6             2         1
         7             2         2
         8             2         3
         9             2         4
        10             2         5
        11             3         1
        12             3         2
        13             3         3
        14             3         4
        15             3         5
        16             4         1
        17             4         2
        18             4         3
        19             4         4
        20             4         5
        21             5         1
        22             5         2
        23             5         3
        24             5         4
        25             5         5

           1        2        3        4        5        6        7        8        9

    1   0.956    0.000    0.000    0.000    0.000    0.027    0.000    0.000    0.000
    2   0.000    0.897    0.000    0.000    0.000    0.000    0.089    0.000    0.000
    3   0.000    0.000    0.929    0.000    0.000    0.000    0.000    0.034    0.000
    4   0.000    0.000    0.000    0.917    0.000    0.000    0.000    0.000    0.059
    5   0.000    0.000    0.000    0.000    0.931    0.000    0.000    0.000    0.000
    6   0.055    0.000    0.000    0.000    0.000    0.915    0.000    0.000    0.000
    7   0.000    0.016    0.000    0.000    0.000    0.000    0.957    0.000    0.000
    8   0.000    0.000    0.015    0.000    0.000    0.000    0.000    0.935    0.000
    9   0.000    0.000    0.000    0.021    0.000    0.000    0.000    0.000    0.930
   10   0.000    0.000    0.000    0.000    0.027    0.000    0.000    0.000    0.000
   11   0.005    0.000    0.000    0.000    0.000    0.033    0.000    0.000    0.000
   12   0.000    0.000    0.000    0.000    0.000    0.000    0.055    0.000    0.000
   13   0.000    0.000    0.000    0.000    0.000    0.000    0.000    0.015    0.000
   14   0.000    0.000    0.000    0.001    0.000    0.000    0.000    0.000    0.018
   15   0.000    0.000    0.000    0.000    0.001    0.000    0.000    0.000    0.000
   16   0.020    0.000    0.000    0.000    0.000    0.008    0.000    0.000    0.000
   17   0.000    0.005    0.000    0.000    0.000    0.000    0.026    0.000    0.000
   18   0.000    0.000    0.005    0.000    0.000    0.000    0.000    0.008    0.000
   19   0.000    0.000    0.000    0.006    0.000    0.000    0.000    0.000    0.017
   20   0.000    0.000    0.000    0.000    0.008    0.000    0.000    0.000    0.000
   21   0.078    0.000    0.000    0.000    0.000    0.037    0.000    0.000    0.000
   22   0.000    0.024    0.000    0.000    0.000    0.000    0.075    0.000    0.000
   23   0.000    0.000    0.029    0.000    0.000    0.000    0.000    0.034    0.000
   24   0.000    0.000    0.000    0.020    0.000    0.000    0.000    0.000    0.060
   25   0.000    0.000    0.000    0.000    0.020    0.000    0.000    0.000    0.000

          10       11       12       13       14       15       16       17       18

    1   0.000    0.000    0.000    0.000    0.000    0.000    0.008    0.000    0.000
    2   0.000    0.000    0.000    0.000    0.000    0.000    0.000    0.004    0.000
    3   0.000    0.000    0.000    0.000    0.000    0.000    0.000    0.000    0.028
    4   0.000    0.000    0.000    0.000    0.001    0.000    0.000    0.000    0.000
    5   0.035    0.000    0.000    0.000    0.000    0.000    0.000    0.000    0.000
    6   0.000    0.013    0.000    0.000    0.000    0.000    0.009    0.000    0.000
    7   0.000    0.000    0.004    0.000    0.000    0.000    0.000    0.009    0.000
    8   0.000    0.000    0.000    0.014    0.000    0.000    0.000    0.000    0.029
    9   0.000    0.000    0.000    0.000    0.026    0.000    0.000    0.000    0.000
   10   0.914    0.000    0.000    0.000    0.000    0.013    0.000    0.000    0.000
   11   0.000    0.959    0.000    0.000    0.000    0.000    0.003    0.000    0.000
   12   0.000    0.000    0.940    0.000    0.000    0.000    0.000    0.005    0.000
   13   0.000    0.000    0.000    0.971    0.000    0.000    0.000    0.000    0.014
   14   0.000    0.000    0.000    0.000    0.976    0.000    0.000    0.000    0.000
   15   0.052    0.000    0.000    0.000    0.000    0.936    0.000    0.000    0.000
   16   0.000    0.003    0.000    0.000    0.000    0.000    0.969    0.000    0.000
   17   0.000    0.000    0.000    0.000    0.000    0.000    0.000    0.968    0.000
   18   0.000    0.000    0.000    0.005    0.000    0.000    0.000    0.000    0.981
   19   0.000    0.000    0.000    0.000    0.017    0.000    0.000    0.000    0.000
   20   0.015    0.000    0.000    0.000    0.000    0.004    0.000    0.000    0.000
   21   0.000    0.000    0.000    0.000    0.000    0.000    0.008    0.000    0.000
   22   0.000    0.000    0.000    0.000    0.000    0.000    0.000    0.004    0.000
   23   0.000    0.000    0.000    0.000    0.000    0.000    0.000    0.000    0.032
   24   0.000    0.000    0.000    0.000    0.006    0.000    0.000    0.000    0.000
   25   0.023    0.000    0.000    0.000    0.000    0.001    0.000    0.000    0.000

          19       20       21       22       23       24       25

    1   0.000    0.000    0.008    0.000    0.000    0.000    0.000
    2   0.000    0.000    0.000    0.011    0.000    0.000    0.000
    3   0.000    0.000    0.000    0.000    0.009    0.000    0.000
    4   0.010    0.000    0.000    0.000    0.000    0.014    0.000
    5   0.000    0.012    0.000    0.000    0.000    0.000    0.022
    6   0.000    0.000    0.008    0.000    0.000    0.000    0.000
    7   0.000    0.000    0.000    0.014    0.000    0.000    0.000
    8   0.000    0.000    0.000    0.000    0.007    0.000    0.000
    9   0.009    0.000    0.000    0.000    0.000    0.014    0.000
   10   0.000    0.013    0.000    0.000    0.000    0.000    0.032
   11   0.000    0.000    0.000    0.000    0.000    0.000    0.000
   12   0.000    0.000    0.000    0.000    0.000    0.000    0.000
   13   0.000    0.000    0.000    0.000    0.000    0.000    0.000
   14   0.003    0.000    0.000    0.000    0.000    0.002    0.000
   15   0.000    0.004    0.000    0.000    0.000    0.000    0.007
   16   0.000    0.000    0.000    0.000    0.000    0.000    0.000
   17   0.000    0.000    0.000    0.000    0.000    0.000    0.000
   18   0.000    0.000    0.000    0.000    0.002    0.000    0.000
   19   0.958    0.000    0.000    0.000    0.000    0.001    0.000
   20   0.000    0.966    0.000    0.000    0.000    0.000    0.007
   21   0.000    0.000    0.877    0.000    0.000    0.000    0.000
   22   0.000    0.000    0.000    0.896    0.000    0.000    0.000
   23   0.000    0.000    0.000    0.000    0.905    0.000    0.000
   24   0.004    0.000    0.000    0.000    0.000    0.909    0.000
   25   0.000    0.006    0.000    0.000    0.000    0.000    0.950


MODEL RESULTS

                                                    Two-Tailed
                    Estimate       S.E.  Est./S.E.    P-Value

Within Level

Latent Class Pattern 1 1

 Thresholds
    REPO1$1          -15.000      0.000    999.000    999.000
    REPO2$1           15.000      0.000    999.000    999.000
    REPO3$1           15.000      0.000    999.000    999.000
    REPO4$1           15.000      0.000    999.000    999.000
    REPO5$1           15.000      0.000    999.000    999.000
    REPO6$1           15.000      0.000    999.000    999.000
    REPO7$1           15.000      0.000    999.000    999.000
    REPO8$1           15.000      0.000    999.000    999.000
    REPO9$1           15.000      0.000    999.000    999.000
    REPO10$1          15.000      0.000    999.000    999.000
    REPO11$1          15.000      0.000    999.000    999.000
    REPO12$1          15.000      0.000    999.000    999.000
    REPO13$1          15.000      0.000    999.000    999.000

Latent Class Pattern 1 2

 Thresholds
    REPO1$1           15.000      0.000    999.000    999.000
    REPO2$1           15.000      0.000    999.000    999.000
    REPO3$1           15.000      0.000    999.000    999.000
    REPO4$1           15.000      0.000    999.000    999.000
    REPO5$1           15.000      0.000    999.000    999.000
    REPO6$1           15.000      0.000    999.000    999.000
    REPO7$1           15.000      0.000    999.000    999.000
    REPO8$1           15.000      0.000    999.000    999.000
    REPO9$1           15.000      0.000    999.000    999.000
    REPO10$1          15.000      0.000    999.000    999.000
    REPO11$1         -15.000      0.000    999.000    999.000
    REPO12$1          15.000      0.000    999.000    999.000
    REPO13$1          15.000      0.000    999.000    999.000

Latent Class Pattern 1 3

 Thresholds
    REPO1$1           15.000      0.000    999.000    999.000
    REPO2$1            1.432      0.000    999.000    999.000
    REPO3$1            0.624      0.000    999.000    999.000
    REPO4$1           15.000      0.000    999.000    999.000
    REPO5$1            1.543      0.000    999.000    999.000
    REPO6$1            4.486      0.000    999.000    999.000
    REPO7$1            5.316      0.000    999.000    999.000
    REPO8$1            1.197      0.000    999.000    999.000
    REPO9$1            4.797      0.000    999.000    999.000
    REPO10$1           5.032      0.000    999.000    999.000
    REPO11$1          15.000      0.000    999.000    999.000
    REPO12$1           3.927      0.000    999.000    999.000
    REPO13$1          15.000      0.000    999.000    999.000

Latent Class Pattern 1 4

 Thresholds
    REPO1$1           15.000      0.000    999.000    999.000
    REPO2$1           15.000      0.000    999.000    999.000
    REPO3$1           15.000      0.000    999.000    999.000
    REPO4$1           15.000      0.000    999.000    999.000
    REPO5$1           15.000      0.000    999.000    999.000
    REPO6$1           15.000      0.000    999.000    999.000
    REPO7$1           15.000      0.000    999.000    999.000
    REPO8$1           15.000      0.000    999.000    999.000
    REPO9$1           15.000      0.000    999.000    999.000
    REPO10$1          15.000      0.000    999.000    999.000
    REPO11$1          15.000      0.000    999.000    999.000
    REPO12$1          15.000      0.000    999.000    999.000
    REPO13$1         -15.000      0.000    999.000    999.000

Latent Class Pattern 1 5

 Thresholds
    REPO1$1           15.000      0.000    999.000    999.000
    REPO2$1           15.000      0.000    999.000    999.000
    REPO3$1           15.000      0.000    999.000    999.000
    REPO4$1          -15.000      0.000    999.000    999.000
    REPO5$1           15.000      0.000    999.000    999.000
    REPO6$1           15.000      0.000    999.000    999.000
    REPO7$1           15.000      0.000    999.000    999.000
    REPO8$1           15.000      0.000    999.000    999.000
    REPO9$1           15.000      0.000    999.000    999.000
    REPO10$1          15.000      0.000    999.000    999.000
    REPO11$1          15.000      0.000    999.000    999.000
    REPO12$1          15.000      0.000    999.000    999.000
    REPO13$1          15.000      0.000    999.000    999.000

Latent Class Pattern 2 1

 Thresholds
    REPO1$1          -15.000      0.000    999.000    999.000
    REPO2$1           15.000      0.000    999.000    999.000
    REPO3$1           15.000      0.000    999.000    999.000
    REPO4$1           15.000      0.000    999.000    999.000
    REPO5$1           15.000      0.000    999.000    999.000
    REPO6$1           15.000      0.000    999.000    999.000
    REPO7$1           15.000      0.000    999.000    999.000
    REPO8$1           15.000      0.000    999.000    999.000
    REPO9$1           15.000      0.000    999.000    999.000
    REPO10$1          15.000      0.000    999.000    999.000
    REPO11$1          15.000      0.000    999.000    999.000
    REPO12$1          15.000      0.000    999.000    999.000
    REPO13$1          15.000      0.000    999.000    999.000

Latent Class Pattern 2 2

 Thresholds
    REPO1$1           15.000      0.000    999.000    999.000
    REPO2$1           15.000      0.000    999.000    999.000
    REPO3$1           15.000      0.000    999.000    999.000
    REPO4$1           15.000      0.000    999.000    999.000
    REPO5$1           15.000      0.000    999.000    999.000
    REPO6$1           15.000      0.000    999.000    999.000
    REPO7$1           15.000      0.000    999.000    999.000
    REPO8$1           15.000      0.000    999.000    999.000
    REPO9$1           15.000      0.000    999.000    999.000
    REPO10$1          15.000      0.000    999.000    999.000
    REPO11$1         -15.000      0.000    999.000    999.000
    REPO12$1          15.000      0.000    999.000    999.000
    REPO13$1          15.000      0.000    999.000    999.000

Latent Class Pattern 2 3

 Thresholds
    REPO1$1           15.000      0.000    999.000    999.000
    REPO2$1            1.432      0.000    999.000    999.000
    REPO3$1            0.624      0.000    999.000    999.000
    REPO4$1           15.000      0.000    999.000    999.000
    REPO5$1            1.543      0.000    999.000    999.000
    REPO6$1            4.486      0.000    999.000    999.000
    REPO7$1            5.316      0.000    999.000    999.000
    REPO8$1            1.197      0.000    999.000    999.000
    REPO9$1            4.797      0.000    999.000    999.000
    REPO10$1           5.032      0.000    999.000    999.000
    REPO11$1          15.000      0.000    999.000    999.000
    REPO12$1           3.927      0.000    999.000    999.000
    REPO13$1          15.000      0.000    999.000    999.000

Latent Class Pattern 2 4

 Thresholds
    REPO1$1           15.000      0.000    999.000    999.000
    REPO2$1           15.000      0.000    999.000    999.000
    REPO3$1           15.000      0.000    999.000    999.000
    REPO4$1           15.000      0.000    999.000    999.000
    REPO5$1           15.000      0.000    999.000    999.000
    REPO6$1           15.000      0.000    999.000    999.000
    REPO7$1           15.000      0.000    999.000    999.000
    REPO8$1           15.000      0.000    999.000    999.000
    REPO9$1           15.000      0.000    999.000    999.000
    REPO10$1          15.000      0.000    999.000    999.000
    REPO11$1          15.000      0.000    999.000    999.000
    REPO12$1          15.000      0.000    999.000    999.000
    REPO13$1         -15.000      0.000    999.000    999.000

Latent Class Pattern 2 5

 Thresholds
    REPO1$1           15.000      0.000    999.000    999.000
    REPO2$1           15.000      0.000    999.000    999.000
    REPO3$1           15.000      0.000    999.000    999.000
    REPO4$1          -15.000      0.000    999.000    999.000
    REPO5$1           15.000      0.000    999.000    999.000
    REPO6$1           15.000      0.000    999.000    999.000
    REPO7$1           15.000      0.000    999.000    999.000
    REPO8$1           15.000      0.000    999.000    999.000
    REPO9$1           15.000      0.000    999.000    999.000
    REPO10$1          15.000      0.000    999.000    999.000
    REPO11$1          15.000      0.000    999.000    999.000
    REPO12$1          15.000      0.000    999.000    999.000
    REPO13$1          15.000      0.000    999.000    999.000

Latent Class Pattern 3 1

 Thresholds
    REPO1$1          -15.000      0.000    999.000    999.000
    REPO2$1           15.000      0.000    999.000    999.000
    REPO3$1           15.000      0.000    999.000    999.000
    REPO4$1           15.000      0.000    999.000    999.000
    REPO5$1           15.000      0.000    999.000    999.000
    REPO6$1           15.000      0.000    999.000    999.000
    REPO7$1           15.000      0.000    999.000    999.000
    REPO8$1           15.000      0.000    999.000    999.000
    REPO9$1           15.000      0.000    999.000    999.000
    REPO10$1          15.000      0.000    999.000    999.000
    REPO11$1          15.000      0.000    999.000    999.000
    REPO12$1          15.000      0.000    999.000    999.000
    REPO13$1          15.000      0.000    999.000    999.000

Latent Class Pattern 3 2

 Thresholds
    REPO1$1           15.000      0.000    999.000    999.000
    REPO2$1           15.000      0.000    999.000    999.000
    REPO3$1           15.000      0.000    999.000    999.000
    REPO4$1           15.000      0.000    999.000    999.000
    REPO5$1           15.000      0.000    999.000    999.000
    REPO6$1           15.000      0.000    999.000    999.000
    REPO7$1           15.000      0.000    999.000    999.000
    REPO8$1           15.000      0.000    999.000    999.000
    REPO9$1           15.000      0.000    999.000    999.000
    REPO10$1          15.000      0.000    999.000    999.000
    REPO11$1         -15.000      0.000    999.000    999.000
    REPO12$1          15.000      0.000    999.000    999.000
    REPO13$1          15.000      0.000    999.000    999.000

Latent Class Pattern 3 3

 Thresholds
    REPO1$1           15.000      0.000    999.000    999.000
    REPO2$1            1.432      0.000    999.000    999.000
    REPO3$1            0.624      0.000    999.000    999.000
    REPO4$1           15.000      0.000    999.000    999.000
    REPO5$1            1.543      0.000    999.000    999.000
    REPO6$1            4.486      0.000    999.000    999.000
    REPO7$1            5.316      0.000    999.000    999.000
    REPO8$1            1.197      0.000    999.000    999.000
    REPO9$1            4.797      0.000    999.000    999.000
    REPO10$1           5.032      0.000    999.000    999.000
    REPO11$1          15.000      0.000    999.000    999.000
    REPO12$1           3.927      0.000    999.000    999.000
    REPO13$1          15.000      0.000    999.000    999.000

Latent Class Pattern 3 4

 Thresholds
    REPO1$1           15.000      0.000    999.000    999.000
    REPO2$1           15.000      0.000    999.000    999.000
    REPO3$1           15.000      0.000    999.000    999.000
    REPO4$1           15.000      0.000    999.000    999.000
    REPO5$1           15.000      0.000    999.000    999.000
    REPO6$1           15.000      0.000    999.000    999.000
    REPO7$1           15.000      0.000    999.000    999.000
    REPO8$1           15.000      0.000    999.000    999.000
    REPO9$1           15.000      0.000    999.000    999.000
    REPO10$1          15.000      0.000    999.000    999.000
    REPO11$1          15.000      0.000    999.000    999.000
    REPO12$1          15.000      0.000    999.000    999.000
    REPO13$1         -15.000      0.000    999.000    999.000

Latent Class Pattern 3 5

 Thresholds
    REPO1$1           15.000      0.000    999.000    999.000
    REPO2$1           15.000      0.000    999.000    999.000
    REPO3$1           15.000      0.000    999.000    999.000
    REPO4$1          -15.000      0.000    999.000    999.000
    REPO5$1           15.000      0.000    999.000    999.000
    REPO6$1           15.000      0.000    999.000    999.000
    REPO7$1           15.000      0.000    999.000    999.000
    REPO8$1           15.000      0.000    999.000    999.000
    REPO9$1           15.000      0.000    999.000    999.000
    REPO10$1          15.000      0.000    999.000    999.000
    REPO11$1          15.000      0.000    999.000    999.000
    REPO12$1          15.000      0.000    999.000    999.000
    REPO13$1          15.000      0.000    999.000    999.000

Latent Class Pattern 4 1

 Thresholds
    REPO1$1          -15.000      0.000    999.000    999.000
    REPO2$1           15.000      0.000    999.000    999.000
    REPO3$1           15.000      0.000    999.000    999.000
    REPO4$1           15.000      0.000    999.000    999.000
    REPO5$1           15.000      0.000    999.000    999.000
    REPO6$1           15.000      0.000    999.000    999.000
    REPO7$1           15.000      0.000    999.000    999.000
    REPO8$1           15.000      0.000    999.000    999.000
    REPO9$1           15.000      0.000    999.000    999.000
    REPO10$1          15.000      0.000    999.000    999.000
    REPO11$1          15.000      0.000    999.000    999.000
    REPO12$1          15.000      0.000    999.000    999.000
    REPO13$1          15.000      0.000    999.000    999.000

Latent Class Pattern 4 2

 Thresholds
    REPO1$1           15.000      0.000    999.000    999.000
    REPO2$1           15.000      0.000    999.000    999.000
    REPO3$1           15.000      0.000    999.000    999.000
    REPO4$1           15.000      0.000    999.000    999.000
    REPO5$1           15.000      0.000    999.000    999.000
    REPO6$1           15.000      0.000    999.000    999.000
    REPO7$1           15.000      0.000    999.000    999.000
    REPO8$1           15.000      0.000    999.000    999.000
    REPO9$1           15.000      0.000    999.000    999.000
    REPO10$1          15.000      0.000    999.000    999.000
    REPO11$1         -15.000      0.000    999.000    999.000
    REPO12$1          15.000      0.000    999.000    999.000
    REPO13$1          15.000      0.000    999.000    999.000

Latent Class Pattern 4 3

 Thresholds
    REPO1$1           15.000      0.000    999.000    999.000
    REPO2$1            1.432      0.000    999.000    999.000
    REPO3$1            0.624      0.000    999.000    999.000
    REPO4$1           15.000      0.000    999.000    999.000
    REPO5$1            1.543      0.000    999.000    999.000
    REPO6$1            4.486      0.000    999.000    999.000
    REPO7$1            5.316      0.000    999.000    999.000
    REPO8$1            1.197      0.000    999.000    999.000
    REPO9$1            4.797      0.000    999.000    999.000
    REPO10$1           5.032      0.000    999.000    999.000
    REPO11$1          15.000      0.000    999.000    999.000
    REPO12$1           3.927      0.000    999.000    999.000
    REPO13$1          15.000      0.000    999.000    999.000

Latent Class Pattern 4 4

 Thresholds
    REPO1$1           15.000      0.000    999.000    999.000
    REPO2$1           15.000      0.000    999.000    999.000
    REPO3$1           15.000      0.000    999.000    999.000
    REPO4$1           15.000      0.000    999.000    999.000
    REPO5$1           15.000      0.000    999.000    999.000
    REPO6$1           15.000      0.000    999.000    999.000
    REPO7$1           15.000      0.000    999.000    999.000
    REPO8$1           15.000      0.000    999.000    999.000
    REPO9$1           15.000      0.000    999.000    999.000
    REPO10$1          15.000      0.000    999.000    999.000
    REPO11$1          15.000      0.000    999.000    999.000
    REPO12$1          15.000      0.000    999.000    999.000
    REPO13$1         -15.000      0.000    999.000    999.000

Latent Class Pattern 4 5

 Thresholds
    REPO1$1           15.000      0.000    999.000    999.000
    REPO2$1           15.000      0.000    999.000    999.000
    REPO3$1           15.000      0.000    999.000    999.000
    REPO4$1          -15.000      0.000    999.000    999.000
    REPO5$1           15.000      0.000    999.000    999.000
    REPO6$1           15.000      0.000    999.000    999.000
    REPO7$1           15.000      0.000    999.000    999.000
    REPO8$1           15.000      0.000    999.000    999.000
    REPO9$1           15.000      0.000    999.000    999.000
    REPO10$1          15.000      0.000    999.000    999.000
    REPO11$1          15.000      0.000    999.000    999.000
    REPO12$1          15.000      0.000    999.000    999.000
    REPO13$1          15.000      0.000    999.000    999.000

Latent Class Pattern 5 1

 Thresholds
    REPO1$1          -15.000      0.000    999.000    999.000
    REPO2$1           15.000      0.000    999.000    999.000
    REPO3$1           15.000      0.000    999.000    999.000
    REPO4$1           15.000      0.000    999.000    999.000
    REPO5$1           15.000      0.000    999.000    999.000
    REPO6$1           15.000      0.000    999.000    999.000
    REPO7$1           15.000      0.000    999.000    999.000
    REPO8$1           15.000      0.000    999.000    999.000
    REPO9$1           15.000      0.000    999.000    999.000
    REPO10$1          15.000      0.000    999.000    999.000
    REPO11$1          15.000      0.000    999.000    999.000
    REPO12$1          15.000      0.000    999.000    999.000
    REPO13$1          15.000      0.000    999.000    999.000

Latent Class Pattern 5 2

 Thresholds
    REPO1$1           15.000      0.000    999.000    999.000
    REPO2$1           15.000      0.000    999.000    999.000
    REPO3$1           15.000      0.000    999.000    999.000
    REPO4$1           15.000      0.000    999.000    999.000
    REPO5$1           15.000      0.000    999.000    999.000
    REPO6$1           15.000      0.000    999.000    999.000
    REPO7$1           15.000      0.000    999.000    999.000
    REPO8$1           15.000      0.000    999.000    999.000
    REPO9$1           15.000      0.000    999.000    999.000
    REPO10$1          15.000      0.000    999.000    999.000
    REPO11$1         -15.000      0.000    999.000    999.000
    REPO12$1          15.000      0.000    999.000    999.000
    REPO13$1          15.000      0.000    999.000    999.000

Latent Class Pattern 5 3

 Thresholds
    REPO1$1           15.000      0.000    999.000    999.000
    REPO2$1            1.432      0.000    999.000    999.000
    REPO3$1            0.624      0.000    999.000    999.000
    REPO4$1           15.000      0.000    999.000    999.000
    REPO5$1            1.543      0.000    999.000    999.000
    REPO6$1            4.486      0.000    999.000    999.000
    REPO7$1            5.316      0.000    999.000    999.000
    REPO8$1            1.197      0.000    999.000    999.000
    REPO9$1            4.797      0.000    999.000    999.000
    REPO10$1           5.032      0.000    999.000    999.000
    REPO11$1          15.000      0.000    999.000    999.000
    REPO12$1           3.927      0.000    999.000    999.000
    REPO13$1          15.000      0.000    999.000    999.000

Latent Class Pattern 5 4

 Thresholds
    REPO1$1           15.000      0.000    999.000    999.000
    REPO2$1           15.000      0.000    999.000    999.000
    REPO3$1           15.000      0.000    999.000    999.000
    REPO4$1           15.000      0.000    999.000    999.000
    REPO5$1           15.000      0.000    999.000    999.000
    REPO6$1           15.000      0.000    999.000    999.000
    REPO7$1           15.000      0.000    999.000    999.000
    REPO8$1           15.000      0.000    999.000    999.000
    REPO9$1           15.000      0.000    999.000    999.000
    REPO10$1          15.000      0.000    999.000    999.000
    REPO11$1          15.000      0.000    999.000    999.000
    REPO12$1          15.000      0.000    999.000    999.000
    REPO13$1         -15.000      0.000    999.000    999.000

Latent Class Pattern 5 5

 Thresholds
    REPO1$1           15.000      0.000    999.000    999.000
    REPO2$1           15.000      0.000    999.000    999.000
    REPO3$1           15.000      0.000    999.000    999.000
    REPO4$1          -15.000      0.000    999.000    999.000
    REPO5$1           15.000      0.000    999.000    999.000
    REPO6$1           15.000      0.000    999.000    999.000
    REPO7$1           15.000      0.000    999.000    999.000
    REPO8$1           15.000      0.000    999.000    999.000
    REPO9$1           15.000      0.000    999.000    999.000
    REPO10$1          15.000      0.000    999.000    999.000
    REPO11$1          15.000      0.000    999.000    999.000
    REPO12$1          15.000      0.000    999.000    999.000
    REPO13$1          15.000      0.000    999.000    999.000

Between Level

Categorical Latent Variables

Within Level

 Intercepts
    SESSION#1         -3.096      0.000    999.000    999.000
    SESSION#2         -3.104      0.000    999.000    999.000
    SESSION#3         -2.635      0.000    999.000    999.000
    SESSION#4         -1.555      0.000    999.000    999.000

Between Level

 SESSION#1  ON
    UGROUPS#1          3.164      0.000    999.000    999.000
    UGROUPS#2          1.986      0.000    999.000    999.000
    UGROUPS#3          2.023      0.000    999.000    999.000
    UGROUPS#4          2.296      0.000    999.000    999.000

 SESSION#2  ON
    UGROUPS#1          1.169      0.000    999.000    999.000
    UGROUPS#2          2.848      0.000    999.000    999.000
    UGROUPS#3          1.320      0.000    999.000    999.000
    UGROUPS#4          1.231      0.000    999.000    999.000

 SESSION#3  ON
    UGROUPS#1          1.571      0.000    999.000    999.000
    UGROUPS#2          2.121      0.000    999.000    999.000
    UGROUPS#3          3.239      0.000    999.000    999.000
    UGROUPS#4          3.709      0.000    999.000    999.000

 SESSION#4  ON
    UGROUPS#1          0.850      0.000    999.000    999.000
    UGROUPS#2          1.869      0.000    999.000    999.000
    UGROUPS#3          3.799      0.000    999.000    999.000
    UGROUPS#4          1.315      0.000    999.000    999.000

 UGROUPS#1  ON
    TOTDAYS            0.111      0.143      0.774      0.439
    ESEDUC             0.087      0.144      0.605      0.545
    HSEDUC            -0.210      0.499     -0.421      0.674
    MSEDUC            -0.149      0.308     -0.485      0.628

 UGROUPS#2  ON
    TOTDAYS            0.370      0.120      3.093      0.002
    ESEDUC             0.343      0.130      2.645      0.008
    HSEDUC            -0.952      0.655     -1.454      0.146
    MSEDUC            -0.208      0.287     -0.726      0.468

 UGROUPS#3  ON
    TOTDAYS            0.257      0.187      1.378      0.168
    ESEDUC            -0.417      0.185     -2.256      0.024
    HSEDUC             0.191      0.440      0.435      0.664
    MSEDUC             0.137      0.292      0.467      0.640

 UGROUPS#4  ON
    TOTDAYS            0.304      0.146      2.088      0.037
    ESEDUC             0.009      0.143      0.060      0.952
    HSEDUC            -0.069      0.439     -0.158      0.874
    MSEDUC             0.159      0.262      0.606      0.544

 Intercepts
    UGROUPS#1         -0.125      0.000    999.000    999.000
    UGROUPS#2          0.210      0.000    999.000    999.000
    UGROUPS#3         -0.088      0.000    999.000    999.000
    UGROUPS#4          0.153      0.000    999.000    999.000


QUALITY OF NUMERICAL RESULTS

     Condition Number for the Information Matrix              0.603E-02
       (ratio of smallest to largest eigenvalue)


SAMPLE STATISTICS FOR ESTIMATED FACTOR SCORES


     SAMPLE STATISTICS


           Means
              UGROUPS#      UGROUPS#      UGROUPS#      UGROUPS#      SESSION#
              ________      ________      ________      ________      ________
 1             -0.093         0.373        -0.319         0.174        -3.096


           Means
              SESSION#      SESSION#      SESSION#      C_UGROUP      C_SESSIO
              ________      ________      ________      ________      ________
 1             -3.104        -2.635        -1.555        -0.093         0.373


           Covariances
              UGROUPS#      UGROUPS#      UGROUPS#      UGROUPS#      SESSION#
              ________      ________      ________      ________      ________
 UGROUPS#       0.019
 UGROUPS#       0.059         0.191
 UGROUPS#       0.015         0.050         0.139
 UGROUPS#       0.030         0.102         0.093         0.092
 SESSION#       0.000         0.000         0.000         0.000         0.000
 SESSION#       0.000         0.000         0.000         0.000         0.000
 SESSION#       0.000         0.000         0.000         0.000         0.000
 SESSION#       0.000         0.000         0.000         0.000         0.000
 C_UGROUP       0.019         0.059         0.015         0.030         0.000
 C_SESSIO       0.059         0.191         0.050         0.102         0.000


           Covariances
              SESSION#      SESSION#      SESSION#      C_UGROUP      C_SESSIO
              ________      ________      ________      ________      ________
 SESSION#       0.000
 SESSION#       0.000         0.000
 SESSION#       0.000         0.000         0.000
 C_UGROUP       0.000         0.000         0.000         0.019
 C_SESSIO       0.000         0.000         0.000         0.059         0.191


           Correlations
              UGROUPS#      UGROUPS#      UGROUPS#      UGROUPS#      SESSION#
              ________      ________      ________      ________      ________
 UGROUPS#       1.000
 UGROUPS#       0.979         1.000
 UGROUPS#       0.290         0.310         1.000
 UGROUPS#       0.727         0.769         0.824         1.000
 SESSION#     999.000       999.000       999.000       999.000         1.000
 SESSION#     999.000       999.000       999.000       999.000       999.000
 SESSION#     999.000       999.000       999.000       999.000       999.000
 SESSION#     999.000       999.000       999.000       999.000       999.000
 C_UGROUP       1.000         0.979         0.290         0.727       999.000
 C_SESSIO       0.979         1.000         0.310         0.769       999.000


           Correlations
              SESSION#      SESSION#      SESSION#      C_UGROUP      C_SESSIO
              ________      ________      ________      ________      ________
 SESSION#       1.000
 SESSION#     999.000         1.000
 SESSION#     999.000       999.000         1.000
 C_UGROUP     999.000       999.000       999.000         1.000
 C_SESSIO     999.000       999.000       999.000         0.979         1.000


PLOT INFORMATION

The following plots are available:

  Histograms (sample values, estimated factor scores)
  Scatterplots (sample values, estimated factor scores)
  Sample proportions and estimated probabilities
  Item characteristic curves
  Information curves
  Latent variable distribution plots

SAVEDATA INFORMATION


  Save file
    ~/Desktop/sdpmplus/output/usersonly/twolevel/classes5/cv/finalModel/data.dat

  Order of variables

    REPO1
    REPO2
    REPO3
    REPO4
    REPO5
    REPO6
    REPO7
    REPO8
    REPO9
    REPO10
    REPO11
    REPO12
    REPO13
    TOTDAYS
    ESEDUC
    HSEDUC
    MSEDUC
    PRIMKEY
    REQTIME
    REPORTCL
    REPORTCA
    FUNCTION
    EMAILMER
    DATE
    MONTH
    HOUR
    MINUTE
    SECOND
    WEEKDAY
    JULDAY
    WEEKYR
    ELAPSES
    ELAPSEM
    ELAPSEH
    DAYORDER
    OVORDER
    DAYTOTAL
    OVTOTAL
    REPORT
    USERNAME
    FUNC1
    FUNC2
    FUNC3
    FUNC4
    FUNC5
    FUNC6
    FUNC7
    SCHID
    UGROUPS#1
    UGROUPS#2
    UGROUPS#3
    UGROUPS#4
    SESSION#1
    SESSION#2
    SESSION#3
    SESSION#4
    C_UGROUPS#
    C_UGROUPS#
    C_UGROUPS#
    C_UGROUPS#
    C_SESSION#
    C_SESSION#
    C_SESSION#
    C_SESSION#
    CPROB1
    CPROB2
    CPROB3
    CPROB4
    CPROB5
    CPROB6
    CPROB7
    CPROB8
    CPROB9
    CPROB10
    CPROB11
    CPROB12
    CPROB13
    CPROB14
    CPROB15
    CPROB16
    CPROB17
    CPROB18
    CPROB19
    CPROB20
    CPROB21
    CPROB22
    CPROB23
    CPROB24
    CPROB25
    UGROUPS
    SESSION
    MLCJOINT
    USERID

  Save file format           Free

  Save file record length    10000


DIAGRAM INFORMATION

  Mplus diagrams are currently not available for Mixture analysis.
  No diagram output was produced.


     Beginning Time:  11:21:09
        Ending Time:  11:22:06
       Elapsed Time:  00:00:57



MUTHEN & MUTHEN
3463 Stoner Ave.
Los Angeles, CA  90066

Tel: (310) 391-9971
Fax: (310) 391-8971
Web: www.StatModel.com
Support: Support@StatModel.com

Copyright (c) 1998-2015 Muthen & Muthen
