Mplus VERSION 7.31 (Mac)
MUTHEN & MUTHEN
08/05/2015   2:33 AM

INPUT INSTRUCTIONS

  Title:
  All Staff 2 Levels 3 Classes w/Covariates

  DATA:
   FILE IS ~/Desktop/sdpmplus/data/sdpCapstoneData.dat ;

  VARIABLE:
  NAMES ARE reqtime reportcl reportca repo1 repo2 repo3 repo4 repo5 repo6
  repo7 repo8 repo9 repo10 repo11 repo12 repo13 function emailmer userid
  date month hour minute second weekday julday weekyr elapses elapsem
  elapseh dayorder ovorder daytotal ovtotal totdays report username func1
  func2 func3 func4 func5 func6 func7 eseduc hseduc mseduc primkey schid ;

  MISSING ARE .;

  CLASSES = UGROUPS(5) SESSION(3);

  CATEGORICAL ARE repo1 repo2 repo3 repo4 repo5 repo6 repo7 repo8 repo9 repo10 repo11
  repo12 repo13;

  WITHIN ARE repo1 repo2 repo3 repo4 repo5 repo6 repo7 repo8 repo9 repo10
  repo11 repo12 repo13 SESSION;

  BETWEEN ARE UGROUPS totdays func6 eseduc mseduc hseduc;

  CLUSTER IS userid ;

  IDVARIABLE = primkey;

  AUXILIARY ARE reqtime reportcl reportca function emailmer
  date month hour minute second weekday julday weekyr elapses elapsem
  elapseh dayorder ovorder daytotal ovtotal report username func1
  func2 func3 func4 func5 func7 schid ;

  USEVARIABLES ARE repo1 repo2 repo3 repo4 repo5 repo6 repo7 repo8 repo9 repo10 repo11
  repo12 repo13 totdays func6 eseduc mseduc hseduc;

  DEFINE:
  	STANDARDIZE totdays;

  ANALYSIS:
  	TYPE = TWOLEVEL MIXTURE;
  	STARTS = 100 25;
  	PROCESSORS = 8;
  	STSCALE = 1;
  	STSEED = 7779311;
  	OPTSEED = 320581;
  	UCELLSIZE = 0;

  MODEL:
  	%WITHIN%
  	%OVERALL%
       [ session#1@1.34852 ];
       [ session#2@1.59169 ];

  	%BETWEEN%
  	%OVERALL%
  	UGROUPS ON totdays eseduc mseduc hseduc func6;
  	session#1 ON ugroups#1@-2.09944;
       session#1 ON ugroups#2@-1.08317;
       session#1 ON ugroups#3@0.07193;
       session#1 ON ugroups#4@-3.87124;
       session#2 ON ugroups#1@-1.41538;
       session#2 ON ugroups#2@1.22493;
       session#2 ON ugroups#3@-2.19964;
       session#2 ON ugroups#4@-3.50170;
       [ ugroups#1@0.02367 ];
       [ ugroups#2@1.60773 ];
       [ ugroups#3@-1.02260 ];
       [ ugroups#4@-1.17433 ];

    MODEL SESSION:
       %WITHIN%
       %SESSION#1%
       [ repo1$1@15 ] (1);
       [ repo2$1@15 ] (2);
       [ repo3$1@15 ] (3);
       [ repo4$1@-15 ] (4);
       [ repo5$1@15 ] (5);
       [ repo6$1@15 ] (6);
       [ repo7$1@15 ] (7);
       [ repo8$1@15 ] (8);
       [ repo9$1@15 ] (9);
       [ repo10$1@15 ] (10);
       [ repo11$1@15 ] (11);
       [ repo12$1@15 ] (12);
       [ repo13$1@15 ] (13);

       %SESSION#2%
       [ repo1$1@1.38978 ] (14);
       [ repo2$1@2.30412 ] (15);
       [ repo3$1@1.62714 ] (16);
       [ repo4$1@15 ] (17);
       [ repo5$1@2.40340 ] (18);
       [ repo6$1@5.24509 ] (19);
       [ repo7$1@6.07181 ] (20);
       [ repo8$1@2.09843 ] (21);
       [ repo9$1@5.55479 ] (22);
       [ repo10$1@5.78921 ] (23);
       [ repo11$1@1.96476 ] (24);
       [ repo12$1@4.69038 ] (25);
       [ repo13$1@15 ] (26);

       %SESSION#3%
       [ repo1$1@15 ] (27);
       [ repo2$1@15 ] (28);
       [ repo3$1@15 ] (29);
       [ repo4$1@15 ] (30);
       [ repo5$1@15 ] (31);
       [ repo6$1@15 ] (32);
       [ repo7$1@15 ] (33);
       [ repo8$1@15 ] (34);
       [ repo9$1@15 ] (35);
       [ repo10$1@15 ] (36);
       [ repo11$1@15 ] (37);
       [ repo12$1@15 ] (38);
       [ repo13$1@-15 ] (39);

  SAVEDATA:
  	FILE IS ~/Desktop/sdpmplus/output/final/twolevel/allClass3/cv/data.dat;
  	SAVE IS CPROB;
  	SAVE = LOGLIKELIHOOD;
  	FORMAT IS FREE;

  PLOT:
  	TYPE IS PLOT3;


