Mplus VERSION 7.31 (Mac)
MUTHEN & MUTHEN
08/05/2015   2:33 AM

INPUT INSTRUCTIONS

  Title:
  All Staff 2 Levels 3 Classes

  DATA:
   FILE IS ~/Desktop/sdpmplus/data/sdpCapstoneData.dat ;

  VARIABLE:
  NAMES ARE reqtime reportcl reportca repo1 repo2 repo3 repo4 repo5 repo6
  repo7 repo8 repo9 repo10 repo11 repo12 repo13 function emailmer userid
  date month hour minute second weekday julday weekyr elapses elapsem
  elapseh dayorder ovorder daytotal ovtotal totdays report username func1
  func2 func3 func4 func5 func6 func7 eseduc hseduc mseduc primkey schid ;

  MISSING ARE .;

  CLASSES = UGROUPS(5) SESSION(3);

  CATEGORICAL ARE repo1 repo2 repo3 repo4 repo5 repo6 repo7 repo8 repo9 repo10 repo11
  repo12 repo13;

  WITHIN ARE repo1 repo2 repo3 repo4 repo5 repo6 repo7 repo8 repo9 repo10
  repo11 repo12 repo13 SESSION;

  BETWEEN ARE UGROUPS;

  CLUSTER IS userid ;

  IDVARIABLE = primkey;

  AUXILIARY ARE reqtime reportcl reportca function emailmer
  date month hour minute second weekday julday weekyr elapses elapsem
  elapseh dayorder ovorder daytotal ovtotal totdays report username func1
  func2 func3 func4 func5 func6 func7 eseduc hseduc mseduc schid ;

  USEVARIABLES ARE repo1 repo2 repo3 repo4 repo5 repo6 repo7 repo8 repo9 repo10 repo11
  repo12 repo13;

  ANALYSIS:
  	TYPE = TWOLEVEL MIXTURE;
  	STARTS = 50 10;
  	PROCESS=8(STARTS);
  	PROCESSORS = 8;
  	STSCALE = 1;
  	STSEED = 7779311;
  	OPTSEED = 90359;
  	UCELLSIZE = 0;
  	
  MODEL:
  	%WITHIN%
  	%OVERALL%
  	%BETWEEN%
  	%OVERALL%
  	SESSION ON UGROUPS;
  	
  MODEL SESSION:
  	%WITHIN%
  	%SESSION#1%
  	[repo1$1-repo13$1];
  	%SESSION#2%
  	[repo1$1-repo13$1];
  	%SESSION#3%
  	[repo1$1-repo13$1];
  		
  SAVEDATA:
  	FILE IS ~/Desktop/sdpmplus/output/final/twolevel/allClass3/nocv/data.dat;
  	SAVE IS CPROB;
  	SAVE = LOGLIKELIHOOD;
  	FORMAT IS FREE;

  PLOT:
  	TYPE IS PLOT3;




INPUT READING TERMINATED NORMALLY




All Staff 2 Levels 3 Classes

SUMMARY OF ANALYSIS

Number of groups                                                 1
Number of observations                                       39925

Number of dependent variables                                   13
Number of independent variables                                  0
Number of continuous latent variables                            0
Number of categorical latent variables                           2

Observed dependent variables

  Binary and ordered categorical (ordinal)
   REPO1       REPO2       REPO3       REPO4       REPO5       REPO6
   REPO7       REPO8       REPO9       REPO10      REPO11      REPO12
   REPO13

Observed auxiliary variables
   REQTIME     REPORTCL    REPORTCA    FUNCTION    EMAILMER    DATE
   MONTH       HOUR        MINUTE      SECOND      WEEKDAY     JULDAY
   WEEKYR      ELAPSES     ELAPSEM     ELAPSEH     DAYORDER    OVORDER
   DAYTOTAL    OVTOTAL     TOTDAYS     REPORT      USERNAME    FUNC1
   FUNC2       FUNC3       FUNC4       FUNC5       FUNC6       FUNC7
   ESEDUC      HSEDUC      MSEDUC      SCHID

Categorical latent variables
   UGROUPS     SESSION

Variables with special functions

  Cluster variable      USERID
  ID variable           PRIMKEY

  Within variables
   REPO1       REPO2       REPO3       REPO4       REPO5       REPO6
   REPO7       REPO8       REPO9       REPO10      REPO11      REPO12
   REPO13


Estimator                                                      MLR
Information matrix                                        OBSERVED
Optimization Specifications for the Quasi-Newton Algorithm for
Continuous Outcomes
  Maximum number of iterations                                 100
  Convergence criterion                                  0.100D-05
Optimization Specifications for the EM Algorithm
  Maximum number of iterations                                 500
  Convergence criteria
    Loglikelihood change                                 0.100D-02
    Relative loglikelihood change                        0.100D-05
    Derivative                                           0.100D-02
Optimization Specifications for the M step of the EM Algorithm for
Categorical Latent variables
  Number of M step iterations                                    1
  M step convergence criterion                           0.100D-02
  Basis for M step termination                           ITERATION
Optimization Specifications for the M step of the EM Algorithm for
Censored, Binary or Ordered Categorical (Ordinal), Unordered
Categorical (Nominal) and Count Outcomes
  Number of M step iterations                                    1
  M step convergence criterion                           0.100D-02
  Basis for M step termination                           ITERATION
  Maximum value for logit thresholds                            15
  Minimum value for logit thresholds                           -15
  Minimum expected cell size for chi-square              0.000D+00
Maximum number of iterations for H1                           2000
Convergence criterion for H1                             0.100D-03
Optimization algorithm                                         EMA
Integration Specifications
  Type                                                    STANDARD
  Number of integration points                                  15
  Dimensions of numerical integration                            0
  Adaptive quadrature                                           ON
Random Starts Specifications
  Random seed for analysis                                   90359
Parameterization                                             LOGIT
Link                                                         LOGIT
Cholesky                                                       OFF

Input data file(s)
  ~/Desktop/sdpmplus/data/sdpCapstoneData.dat
Input data format  FREE


SUMMARY OF DATA

     Number of missing data patterns             1
     Number of y missing data patterns           0
     Number of u missing data patterns           1
     Number of clusters                       5182



COVARIANCE COVERAGE OF DATA

Minimum covariance coverage value   0.100


UNIVARIATE PROPORTIONS AND COUNTS FOR CATEGORICAL VARIABLES

    REPO1
      Category 1    0.907        36199.000
      Category 2    0.093         3726.000
    REPO2
      Category 1    0.958        38229.000
      Category 2    0.042         1696.000
    REPO3
      Category 1    0.923        36857.000
      Category 2    0.077         3068.000
    REPO4
      Category 1    0.759        30315.000
      Category 2    0.241         9610.000
    REPO5
      Category 1    0.961        38376.000
      Category 2    0.039         1549.000
    REPO6
      Category 1    0.998        39827.000
      Category 2    0.002           98.000
    REPO7
      Category 1    0.999        39882.000
      Category 2    0.001           43.000
    REPO8
      Category 1    0.949        37884.000
      Category 2    0.051         2041.000
    REPO9
      Category 1    0.998        39853.000
      Category 2    0.002           72.000
    REPO10
      Category 1    0.999        39868.000
      Category 2    0.001           57.000
    REPO11
      Category 1    0.942        37628.000
      Category 2    0.058         2297.000
    REPO12
      Category 1    0.996        39755.000
      Category 2    0.004          170.000
    REPO13
      Category 1    0.709        28292.000
      Category 2    0.291        11633.000


     IN THE OPTIMIZATION, ONE OR MORE LOGIT THRESHOLDS APPROACHED AND WERE SET
     AT THE EXTREME VALUES.  EXTREME VALUES ARE -15.000 AND 15.000.
     THE FOLLOWING THRESHOLDS WERE SET AT THESE VALUES:
     * THRESHOLD 1 OF CLASS INDICATOR REPO1 FOR PATTERN 1 1 AT ITERATION 14
     * THRESHOLD 1 OF CLASS INDICATOR REPO2 FOR PATTERN 1 1 AT ITERATION 12
     * THRESHOLD 1 OF CLASS INDICATOR REPO3 FOR PATTERN 1 1 AT ITERATION 12
     * THRESHOLD 1 OF CLASS INDICATOR REPO4 FOR PATTERN 1 1 AT ITERATION 20
     * THRESHOLD 1 OF CLASS INDICATOR REPO5 FOR PATTERN 1 1 AT ITERATION 12
     * THRESHOLD 1 OF CLASS INDICATOR REPO6 FOR PATTERN 1 1 AT ITERATION 12
     * THRESHOLD 1 OF CLASS INDICATOR REPO7 FOR PATTERN 1 1 AT ITERATION 12
     * THRESHOLD 1 OF CLASS INDICATOR REPO8 FOR PATTERN 1 1 AT ITERATION 13
     * THRESHOLD 1 OF CLASS INDICATOR REPO9 FOR PATTERN 1 1 AT ITERATION 13
     * THRESHOLD 1 OF CLASS INDICATOR REPO10 FOR PATTERN 1 1 AT ITERATION 10
     * THRESHOLD 1 OF CLASS INDICATOR REPO11 FOR PATTERN 1 1 AT ITERATION 13
     * THRESHOLD 1 OF CLASS INDICATOR REPO12 FOR PATTERN 1 1 AT ITERATION 13
     * THRESHOLD 1 OF CLASS INDICATOR REPO13 FOR PATTERN 1 1 AT ITERATION 11
     * THRESHOLD 1 OF CLASS INDICATOR REPO4 FOR PATTERN 1 2 AT ITERATION 19
     * THRESHOLD 1 OF CLASS INDICATOR REPO13 FOR PATTERN 1 2 AT ITERATION 21
     * THRESHOLD 1 OF CLASS INDICATOR REPO1 FOR PATTERN 1 3 AT ITERATION 11
     * THRESHOLD 1 OF CLASS INDICATOR REPO2 FOR PATTERN 1 3 AT ITERATION 11
     * THRESHOLD 1 OF CLASS INDICATOR REPO3 FOR PATTERN 1 3 AT ITERATION 10
     * THRESHOLD 1 OF CLASS INDICATOR REPO4 FOR PATTERN 1 3 AT ITERATION 10
     * THRESHOLD 1 OF CLASS INDICATOR REPO5 FOR PATTERN 1 3 AT ITERATION 10
     * THRESHOLD 1 OF CLASS INDICATOR REPO6 FOR PATTERN 1 3 AT ITERATION 10
     * THRESHOLD 1 OF CLASS INDICATOR REPO7 FOR PATTERN 1 3 AT ITERATION 10
     * THRESHOLD 1 OF CLASS INDICATOR REPO8 FOR PATTERN 1 3 AT ITERATION 12
     * THRESHOLD 1 OF CLASS INDICATOR REPO9 FOR PATTERN 1 3 AT ITERATION 11
     * THRESHOLD 1 OF CLASS INDICATOR REPO10 FOR PATTERN 1 3 AT ITERATION 10
     * THRESHOLD 1 OF CLASS INDICATOR REPO11 FOR PATTERN 1 3 AT ITERATION 10
     * THRESHOLD 1 OF CLASS INDICATOR REPO12 FOR PATTERN 1 3 AT ITERATION 11
     * THRESHOLD 1 OF CLASS INDICATOR REPO13 FOR PATTERN 1 3 AT ITERATION 17
     * THRESHOLD 1 OF CLASS INDICATOR REPO1 FOR PATTERN 2 1 AT ITERATION 14
     * THRESHOLD 1 OF CLASS INDICATOR REPO2 FOR PATTERN 2 1 AT ITERATION 12
     * THRESHOLD 1 OF CLASS INDICATOR REPO3 FOR PATTERN 2 1 AT ITERATION 12
     * THRESHOLD 1 OF CLASS INDICATOR REPO4 FOR PATTERN 2 1 AT ITERATION 20
     * THRESHOLD 1 OF CLASS INDICATOR REPO5 FOR PATTERN 2 1 AT ITERATION 12
     * THRESHOLD 1 OF CLASS INDICATOR REPO6 FOR PATTERN 2 1 AT ITERATION 12
     * THRESHOLD 1 OF CLASS INDICATOR REPO7 FOR PATTERN 2 1 AT ITERATION 12
     * THRESHOLD 1 OF CLASS INDICATOR REPO8 FOR PATTERN 2 1 AT ITERATION 13
     * THRESHOLD 1 OF CLASS INDICATOR REPO9 FOR PATTERN 2 1 AT ITERATION 13
     * THRESHOLD 1 OF CLASS INDICATOR REPO10 FOR PATTERN 2 1 AT ITERATION 10
     * THRESHOLD 1 OF CLASS INDICATOR REPO11 FOR PATTERN 2 1 AT ITERATION 13
     * THRESHOLD 1 OF CLASS INDICATOR REPO12 FOR PATTERN 2 1 AT ITERATION 13
     * THRESHOLD 1 OF CLASS INDICATOR REPO13 FOR PATTERN 2 1 AT ITERATION 11
     * THRESHOLD 1 OF CLASS INDICATOR REPO4 FOR PATTERN 2 2 AT ITERATION 19
     * THRESHOLD 1 OF CLASS INDICATOR REPO13 FOR PATTERN 2 2 AT ITERATION 21
     * THRESHOLD 1 OF CLASS INDICATOR REPO1 FOR PATTERN 2 3 AT ITERATION 11
     * THRESHOLD 1 OF CLASS INDICATOR REPO2 FOR PATTERN 2 3 AT ITERATION 11
     * THRESHOLD 1 OF CLASS INDICATOR REPO3 FOR PATTERN 2 3 AT ITERATION 10
     * THRESHOLD 1 OF CLASS INDICATOR REPO4 FOR PATTERN 2 3 AT ITERATION 10
     * THRESHOLD 1 OF CLASS INDICATOR REPO5 FOR PATTERN 2 3 AT ITERATION 10
     * THRESHOLD 1 OF CLASS INDICATOR REPO6 FOR PATTERN 2 3 AT ITERATION 10
     * THRESHOLD 1 OF CLASS INDICATOR REPO7 FOR PATTERN 2 3 AT ITERATION 10
     * THRESHOLD 1 OF CLASS INDICATOR REPO8 FOR PATTERN 2 3 AT ITERATION 12
     * THRESHOLD 1 OF CLASS INDICATOR REPO9 FOR PATTERN 2 3 AT ITERATION 11
     * THRESHOLD 1 OF CLASS INDICATOR REPO10 FOR PATTERN 2 3 AT ITERATION 10
     * THRESHOLD 1 OF CLASS INDICATOR REPO11 FOR PATTERN 2 3 AT ITERATION 10
     * THRESHOLD 1 OF CLASS INDICATOR REPO12 FOR PATTERN 2 3 AT ITERATION 11
     * THRESHOLD 1 OF CLASS INDICATOR REPO13 FOR PATTERN 2 3 AT ITERATION 17
     * THRESHOLD 1 OF CLASS INDICATOR REPO1 FOR PATTERN 3 1 AT ITERATION 14
     * THRESHOLD 1 OF CLASS INDICATOR REPO2 FOR PATTERN 3 1 AT ITERATION 12
     * THRESHOLD 1 OF CLASS INDICATOR REPO3 FOR PATTERN 3 1 AT ITERATION 12
     * THRESHOLD 1 OF CLASS INDICATOR REPO4 FOR PATTERN 3 1 AT ITERATION 20
     * THRESHOLD 1 OF CLASS INDICATOR REPO5 FOR PATTERN 3 1 AT ITERATION 12
     * THRESHOLD 1 OF CLASS INDICATOR REPO6 FOR PATTERN 3 1 AT ITERATION 12
     * THRESHOLD 1 OF CLASS INDICATOR REPO7 FOR PATTERN 3 1 AT ITERATION 12
     * THRESHOLD 1 OF CLASS INDICATOR REPO8 FOR PATTERN 3 1 AT ITERATION 13
     * THRESHOLD 1 OF CLASS INDICATOR REPO9 FOR PATTERN 3 1 AT ITERATION 13
     * THRESHOLD 1 OF CLASS INDICATOR REPO10 FOR PATTERN 3 1 AT ITERATION 10
     * THRESHOLD 1 OF CLASS INDICATOR REPO11 FOR PATTERN 3 1 AT ITERATION 13
     * THRESHOLD 1 OF CLASS INDICATOR REPO12 FOR PATTERN 3 1 AT ITERATION 13
     * THRESHOLD 1 OF CLASS INDICATOR REPO13 FOR PATTERN 3 1 AT ITERATION 11
     * THRESHOLD 1 OF CLASS INDICATOR REPO4 FOR PATTERN 3 2 AT ITERATION 19
     * THRESHOLD 1 OF CLASS INDICATOR REPO13 FOR PATTERN 3 2 AT ITERATION 21
     * THRESHOLD 1 OF CLASS INDICATOR REPO1 FOR PATTERN 3 3 AT ITERATION 11
     * THRESHOLD 1 OF CLASS INDICATOR REPO2 FOR PATTERN 3 3 AT ITERATION 11
     * THRESHOLD 1 OF CLASS INDICATOR REPO3 FOR PATTERN 3 3 AT ITERATION 10
     * THRESHOLD 1 OF CLASS INDICATOR REPO4 FOR PATTERN 3 3 AT ITERATION 10
     * THRESHOLD 1 OF CLASS INDICATOR REPO5 FOR PATTERN 3 3 AT ITERATION 10
     * THRESHOLD 1 OF CLASS INDICATOR REPO6 FOR PATTERN 3 3 AT ITERATION 10
     * THRESHOLD 1 OF CLASS INDICATOR REPO7 FOR PATTERN 3 3 AT ITERATION 10
     * THRESHOLD 1 OF CLASS INDICATOR REPO8 FOR PATTERN 3 3 AT ITERATION 12
     * THRESHOLD 1 OF CLASS INDICATOR REPO9 FOR PATTERN 3 3 AT ITERATION 11
     * THRESHOLD 1 OF CLASS INDICATOR REPO10 FOR PATTERN 3 3 AT ITERATION 10
     * THRESHOLD 1 OF CLASS INDICATOR REPO11 FOR PATTERN 3 3 AT ITERATION 10
     * THRESHOLD 1 OF CLASS INDICATOR REPO12 FOR PATTERN 3 3 AT ITERATION 11
     * THRESHOLD 1 OF CLASS INDICATOR REPO13 FOR PATTERN 3 3 AT ITERATION 17
     * THRESHOLD 1 OF CLASS INDICATOR REPO1 FOR PATTERN 4 1 AT ITERATION 14
     * THRESHOLD 1 OF CLASS INDICATOR REPO2 FOR PATTERN 4 1 AT ITERATION 12
     * THRESHOLD 1 OF CLASS INDICATOR REPO3 FOR PATTERN 4 1 AT ITERATION 12
     * THRESHOLD 1 OF CLASS INDICATOR REPO4 FOR PATTERN 4 1 AT ITERATION 20
     * THRESHOLD 1 OF CLASS INDICATOR REPO5 FOR PATTERN 4 1 AT ITERATION 12
     * THRESHOLD 1 OF CLASS INDICATOR REPO6 FOR PATTERN 4 1 AT ITERATION 12
     * THRESHOLD 1 OF CLASS INDICATOR REPO7 FOR PATTERN 4 1 AT ITERATION 12
     * THRESHOLD 1 OF CLASS INDICATOR REPO8 FOR PATTERN 4 1 AT ITERATION 13
     * THRESHOLD 1 OF CLASS INDICATOR REPO9 FOR PATTERN 4 1 AT ITERATION 13
     * THRESHOLD 1 OF CLASS INDICATOR REPO10 FOR PATTERN 4 1 AT ITERATION 10
     * THRESHOLD 1 OF CLASS INDICATOR REPO11 FOR PATTERN 4 1 AT ITERATION 13
     * THRESHOLD 1 OF CLASS INDICATOR REPO12 FOR PATTERN 4 1 AT ITERATION 13
     * THRESHOLD 1 OF CLASS INDICATOR REPO13 FOR PATTERN 4 1 AT ITERATION 11
     * THRESHOLD 1 OF CLASS INDICATOR REPO4 FOR PATTERN 4 2 AT ITERATION 19
     * THRESHOLD 1 OF CLASS INDICATOR REPO13 FOR PATTERN 4 2 AT ITERATION 21
     * THRESHOLD 1 OF CLASS INDICATOR REPO1 FOR PATTERN 4 3 AT ITERATION 11
     * THRESHOLD 1 OF CLASS INDICATOR REPO2 FOR PATTERN 4 3 AT ITERATION 11
     * THRESHOLD 1 OF CLASS INDICATOR REPO3 FOR PATTERN 4 3 AT ITERATION 10
     * THRESHOLD 1 OF CLASS INDICATOR REPO4 FOR PATTERN 4 3 AT ITERATION 10
     * THRESHOLD 1 OF CLASS INDICATOR REPO5 FOR PATTERN 4 3 AT ITERATION 10
     * THRESHOLD 1 OF CLASS INDICATOR REPO6 FOR PATTERN 4 3 AT ITERATION 10
     * THRESHOLD 1 OF CLASS INDICATOR REPO7 FOR PATTERN 4 3 AT ITERATION 10
     * THRESHOLD 1 OF CLASS INDICATOR REPO8 FOR PATTERN 4 3 AT ITERATION 12
     * THRESHOLD 1 OF CLASS INDICATOR REPO9 FOR PATTERN 4 3 AT ITERATION 11
     * THRESHOLD 1 OF CLASS INDICATOR REPO10 FOR PATTERN 4 3 AT ITERATION 10
     * THRESHOLD 1 OF CLASS INDICATOR REPO11 FOR PATTERN 4 3 AT ITERATION 10
     * THRESHOLD 1 OF CLASS INDICATOR REPO12 FOR PATTERN 4 3 AT ITERATION 11
     * THRESHOLD 1 OF CLASS INDICATOR REPO13 FOR PATTERN 4 3 AT ITERATION 17
     * THRESHOLD 1 OF CLASS INDICATOR REPO1 FOR PATTERN 5 1 AT ITERATION 14
     * THRESHOLD 1 OF CLASS INDICATOR REPO2 FOR PATTERN 5 1 AT ITERATION 12
     * THRESHOLD 1 OF CLASS INDICATOR REPO3 FOR PATTERN 5 1 AT ITERATION 12
     * THRESHOLD 1 OF CLASS INDICATOR REPO4 FOR PATTERN 5 1 AT ITERATION 20
     * THRESHOLD 1 OF CLASS INDICATOR REPO5 FOR PATTERN 5 1 AT ITERATION 12
     * THRESHOLD 1 OF CLASS INDICATOR REPO6 FOR PATTERN 5 1 AT ITERATION 12
     * THRESHOLD 1 OF CLASS INDICATOR REPO7 FOR PATTERN 5 1 AT ITERATION 12
     * THRESHOLD 1 OF CLASS INDICATOR REPO8 FOR PATTERN 5 1 AT ITERATION 13
     * THRESHOLD 1 OF CLASS INDICATOR REPO9 FOR PATTERN 5 1 AT ITERATION 13
     * THRESHOLD 1 OF CLASS INDICATOR REPO10 FOR PATTERN 5 1 AT ITERATION 10
     * THRESHOLD 1 OF CLASS INDICATOR REPO11 FOR PATTERN 5 1 AT ITERATION 13
     * THRESHOLD 1 OF CLASS INDICATOR REPO12 FOR PATTERN 5 1 AT ITERATION 13
     * THRESHOLD 1 OF CLASS INDICATOR REPO13 FOR PATTERN 5 1 AT ITERATION 11
     * THRESHOLD 1 OF CLASS INDICATOR REPO4 FOR PATTERN 5 2 AT ITERATION 19
     * THRESHOLD 1 OF CLASS INDICATOR REPO13 FOR PATTERN 5 2 AT ITERATION 21
     * THRESHOLD 1 OF CLASS INDICATOR REPO1 FOR PATTERN 5 3 AT ITERATION 11
     * THRESHOLD 1 OF CLASS INDICATOR REPO2 FOR PATTERN 5 3 AT ITERATION 11
     * THRESHOLD 1 OF CLASS INDICATOR REPO3 FOR PATTERN 5 3 AT ITERATION 10
     * THRESHOLD 1 OF CLASS INDICATOR REPO4 FOR PATTERN 5 3 AT ITERATION 10
     * THRESHOLD 1 OF CLASS INDICATOR REPO5 FOR PATTERN 5 3 AT ITERATION 10
     * THRESHOLD 1 OF CLASS INDICATOR REPO6 FOR PATTERN 5 3 AT ITERATION 10
     * THRESHOLD 1 OF CLASS INDICATOR REPO7 FOR PATTERN 5 3 AT ITERATION 10
     * THRESHOLD 1 OF CLASS INDICATOR REPO8 FOR PATTERN 5 3 AT ITERATION 12
     * THRESHOLD 1 OF CLASS INDICATOR REPO9 FOR PATTERN 5 3 AT ITERATION 11
     * THRESHOLD 1 OF CLASS INDICATOR REPO10 FOR PATTERN 5 3 AT ITERATION 10
     * THRESHOLD 1 OF CLASS INDICATOR REPO11 FOR PATTERN 5 3 AT ITERATION 10
     * THRESHOLD 1 OF CLASS INDICATOR REPO12 FOR PATTERN 5 3 AT ITERATION 11
     * THRESHOLD 1 OF CLASS INDICATOR REPO13 FOR PATTERN 5 3 AT ITERATION 17





THE MODEL ESTIMATION TERMINATED NORMALLY



MODEL FIT INFORMATION

Number of Free Parameters                       53

Loglikelihood

          H0 Value                      -79235.160
          H0 Scaling Correction Factor      5.0544
            for MLR

Information Criteria

          Akaike (AIC)                  158576.320
          Bayesian (BIC)                159031.842
          Sample-Size Adjusted BIC      158863.408
            (n* = (n + 2) / 24)



MODEL RESULTS USE THE LATENT CLASS VARIABLE ORDER

   UGROUPS  SESSION

  Latent Class Variable Patterns

    UGROUPS   SESSION
      Class     Class

         1         1
         1         2
         1         3
         2         1
         2         2
         2         3
         3         1
         3         2
         3         3
         4         1
         4         2
         4         3
         5         1
         5         2
         5         3


FINAL CLASS COUNTS AND PROPORTIONS FOR THE LATENT CLASS PATTERNS
BASED ON ESTIMATED POSTERIOR PROBABILITIES

  Latent Class
    Pattern

    1  1       2256.67343          0.05652
    1  2       5704.61329          0.14288
    1  3       4781.29799          0.11976
    2  1        594.92318          0.01490
    2  2       7631.25677          0.19114
    2  3        456.19679          0.01143
    3  1       3054.06319          0.07650
    3  2        401.93094          0.01007
    3  3        737.96582          0.01848
    4  1        385.01151          0.00964
    4  2        710.34765          0.01779
    4  3       4795.81628          0.12012
    5  1       3319.32687          0.08314
    5  2       4233.85505          0.10605
    5  3        861.72124          0.02158


FINAL CLASS COUNTS AND PROPORTIONS FOR EACH LATENT CLASS VARIABLE
BASED ON ESTIMATED POSTERIOR PROBABILITIES

  Latent Class
    Variable    Class

    UGROUPS        1     12742.58496          0.31916
                   2      8682.37695          0.21747
                   3      4193.95996          0.10505
                   4      5891.17529          0.14756
                   5      8414.90332          0.21077
    SESSION        1      9609.99805          0.24070
                   2     18682.00391          0.46793
                   3     11632.99805          0.29137


FINAL CLASS COUNTS AND PROPORTIONS FOR THE LATENT CLASS PATTERNS
BASED ON THEIR MOST LIKELY LATENT CLASS PATTERN

Class Counts and Proportions

  Latent Class
    Pattern

    1  1             2232          0.05590
    1  2             5410          0.13550
    1  3             4799          0.12020
    2  1              577          0.01445
    2  2             8376          0.20979
    2  3              441          0.01105
    3  1             3107          0.07782
    3  2              364          0.00912
    3  3              743          0.01861
    4  1              388          0.00972
    4  2              677          0.01696
    4  3             4833          0.12105
    5  1             3306          0.08281
    5  2             3855          0.09656
    5  3              817          0.02046


FINAL CLASS COUNTS AND PROPORTIONS FOR EACH LATENT CLASS VARIABLE
BASED ON THEIR MOST LIKELY LATENT CLASS PATTERN

  Latent Class
    Variable    Class

    UGROUPS        1           12441          0.31161
                   2            9394          0.23529
                   3            4214          0.10555
                   4            5898          0.14773
                   5            7978          0.19982
    SESSION        1            9610          0.24070
                   2           18682          0.46793
                   3           11633          0.29137


CLASSIFICATION QUALITY

     Entropy                         0.926


Average Latent Class Probabilities for Most Likely Latent Class Pattern (Row)
by Latent Class Pattern (Column)

  Latent Class Variable Patterns

  Latent Class    UGROUPS   SESSION
   Pattern No.      Class     Class

         1             1         1
         2             1         2
         3             1         3
         4             2         1
         5             2         2
         6             2         3
         7             3         1
         8             3         2
         9             3         3
        10             4         1
        11             4         2
        12             4         3
        13             5         1
        14             5         2
        15             5         3

           1        2        3        4        5        6        7        8        9

    1   0.925    0.000    0.000    0.007    0.000    0.000    0.014    0.000    0.000
    2   0.000    0.947    0.000    0.000    0.018    0.000    0.000    0.002    0.000
    3   0.000    0.000    0.942    0.000    0.000    0.008    0.000    0.000    0.007
    4   0.024    0.000    0.000    0.909    0.000    0.000    0.000    0.000    0.000
    5   0.000    0.049    0.000    0.000    0.887    0.000    0.000    0.003    0.000
    6   0.000    0.000    0.051    0.000    0.000    0.909    0.000    0.000    0.000
    7   0.014    0.000    0.000    0.001    0.000    0.000    0.936    0.000    0.000
    8   0.000    0.028    0.000    0.000    0.000    0.000    0.000    0.874    0.000
    9   0.000    0.000    0.044    0.000    0.000    0.000    0.000    0.000    0.904
   10   0.084    0.000    0.000    0.000    0.000    0.000    0.011    0.000    0.000
   11   0.000    0.056    0.000    0.000    0.000    0.000    0.000    0.000    0.000
   12   0.000    0.000    0.031    0.000    0.000    0.000    0.000    0.000    0.002
   13   0.031    0.000    0.000    0.016    0.000    0.000    0.033    0.000    0.000
   14   0.000    0.033    0.000    0.000    0.027    0.000    0.000    0.012    0.000
   15   0.000    0.000    0.066    0.000    0.000    0.017    0.000    0.000    0.028

          10       11       12       13       14       15

    1   0.013    0.000    0.000    0.040    0.000    0.000
    2   0.000    0.008    0.000    0.000    0.025    0.000
    3   0.000    0.000    0.024    0.000    0.000    0.018
    4   0.000    0.000    0.000    0.066    0.000    0.000
    5   0.000    0.003    0.000    0.000    0.058    0.000
    6   0.000    0.000    0.001    0.000    0.000    0.039
    7   0.002    0.000    0.000    0.048    0.000    0.000
    8   0.000    0.000    0.000    0.000    0.097    0.000
    9   0.000    0.000    0.010    0.000    0.000    0.042
   10   0.905    0.000    0.000    0.000    0.000    0.000
   11   0.000    0.944    0.000    0.000    0.000    0.000
   12   0.000    0.000    0.967    0.000    0.000    0.000
   13   0.000    0.000    0.000    0.920    0.000    0.000
   14   0.000    0.000    0.000    0.000    0.928    0.000
   15   0.000    0.000    0.000    0.000    0.000    0.889


MODEL RESULTS

                                                    Two-Tailed
                    Estimate       S.E.  Est./S.E.    P-Value

Within Level

Latent Class Pattern 1 1

 Thresholds
    REPO1$1           15.000      0.000    999.000    999.000
    REPO2$1           15.000      0.000    999.000    999.000
    REPO3$1           15.000      0.000    999.000    999.000
    REPO4$1          -15.000      0.000    999.000    999.000
    REPO5$1           15.000      0.000    999.000    999.000
    REPO6$1           15.000      0.000    999.000    999.000
    REPO7$1           15.000      0.000    999.000    999.000
    REPO8$1           15.000      0.000    999.000    999.000
    REPO9$1           15.000      0.000    999.000    999.000
    REPO10$1          15.000      0.000    999.000    999.000
    REPO11$1          15.000      0.000    999.000    999.000
    REPO12$1          15.000      0.000    999.000    999.000
    REPO13$1          15.000      0.000    999.000    999.000

Latent Class Pattern 1 2

 Thresholds
    REPO1$1            1.390      0.067     20.791      0.000
    REPO2$1            2.304      0.108     21.295      0.000
    REPO3$1            1.627      0.066     24.681      0.000
    REPO4$1           15.000      0.000    999.000    999.000
    REPO5$1            2.403      0.091     26.546      0.000
    REPO6$1            5.245      0.362     14.503      0.000
    REPO7$1            6.072      0.236     25.685      0.000
    REPO8$1            2.098      0.120     17.482      0.000
    REPO9$1            5.555      0.237     23.449      0.000
    REPO10$1           5.789      0.233     24.887      0.000
    REPO11$1           1.965      0.078     25.335      0.000
    REPO12$1           4.690      0.143     32.789      0.000
    REPO13$1          15.000      0.000    999.000    999.000

Latent Class Pattern 1 3

 Thresholds
    REPO1$1           15.000      0.000    999.000    999.000
    REPO2$1           15.000      0.000    999.000    999.000
    REPO3$1           15.000      0.000    999.000    999.000
    REPO4$1           15.000      0.000    999.000    999.000
    REPO5$1           15.000      0.000    999.000    999.000
    REPO6$1           15.000      0.000    999.000    999.000
    REPO7$1           15.000      0.000    999.000    999.000
    REPO8$1           15.000      0.000    999.000    999.000
    REPO9$1           15.000      0.000    999.000    999.000
    REPO10$1          15.000      0.000    999.000    999.000
    REPO11$1          15.000      0.000    999.000    999.000
    REPO12$1          15.000      0.000    999.000    999.000
    REPO13$1         -15.000      0.000    999.000    999.000

Latent Class Pattern 2 1

 Thresholds
    REPO1$1           15.000      0.000    999.000    999.000
    REPO2$1           15.000      0.000    999.000    999.000
    REPO3$1           15.000      0.000    999.000    999.000
    REPO4$1          -15.000      0.000    999.000    999.000
    REPO5$1           15.000      0.000    999.000    999.000
    REPO6$1           15.000      0.000    999.000    999.000
    REPO7$1           15.000      0.000    999.000    999.000
    REPO8$1           15.000      0.000    999.000    999.000
    REPO9$1           15.000      0.000    999.000    999.000
    REPO10$1          15.000      0.000    999.000    999.000
    REPO11$1          15.000      0.000    999.000    999.000
    REPO12$1          15.000      0.000    999.000    999.000
    REPO13$1          15.000      0.000    999.000    999.000

Latent Class Pattern 2 2

 Thresholds
    REPO1$1            1.390      0.067     20.791      0.000
    REPO2$1            2.304      0.108     21.295      0.000
    REPO3$1            1.627      0.066     24.681      0.000
    REPO4$1           15.000      0.000    999.000    999.000
    REPO5$1            2.403      0.091     26.546      0.000
    REPO6$1            5.245      0.362     14.503      0.000
    REPO7$1            6.072      0.236     25.685      0.000
    REPO8$1            2.098      0.120     17.482      0.000
    REPO9$1            5.555      0.237     23.449      0.000
    REPO10$1           5.789      0.233     24.887      0.000
    REPO11$1           1.965      0.078     25.335      0.000
    REPO12$1           4.690      0.143     32.789      0.000
    REPO13$1          15.000      0.000    999.000    999.000

Latent Class Pattern 2 3

 Thresholds
    REPO1$1           15.000      0.000    999.000    999.000
    REPO2$1           15.000      0.000    999.000    999.000
    REPO3$1           15.000      0.000    999.000    999.000
    REPO4$1           15.000      0.000    999.000    999.000
    REPO5$1           15.000      0.000    999.000    999.000
    REPO6$1           15.000      0.000    999.000    999.000
    REPO7$1           15.000      0.000    999.000    999.000
    REPO8$1           15.000      0.000    999.000    999.000
    REPO9$1           15.000      0.000    999.000    999.000
    REPO10$1          15.000      0.000    999.000    999.000
    REPO11$1          15.000      0.000    999.000    999.000
    REPO12$1          15.000      0.000    999.000    999.000
    REPO13$1         -15.000      0.000    999.000    999.000

Latent Class Pattern 3 1

 Thresholds
    REPO1$1           15.000      0.000    999.000    999.000
    REPO2$1           15.000      0.000    999.000    999.000
    REPO3$1           15.000      0.000    999.000    999.000
    REPO4$1          -15.000      0.000    999.000    999.000
    REPO5$1           15.000      0.000    999.000    999.000
    REPO6$1           15.000      0.000    999.000    999.000
    REPO7$1           15.000      0.000    999.000    999.000
    REPO8$1           15.000      0.000    999.000    999.000
    REPO9$1           15.000      0.000    999.000    999.000
    REPO10$1          15.000      0.000    999.000    999.000
    REPO11$1          15.000      0.000    999.000    999.000
    REPO12$1          15.000      0.000    999.000    999.000
    REPO13$1          15.000      0.000    999.000    999.000

Latent Class Pattern 3 2

 Thresholds
    REPO1$1            1.390      0.067     20.791      0.000
    REPO2$1            2.304      0.108     21.295      0.000
    REPO3$1            1.627      0.066     24.681      0.000
    REPO4$1           15.000      0.000    999.000    999.000
    REPO5$1            2.403      0.091     26.546      0.000
    REPO6$1            5.245      0.362     14.503      0.000
    REPO7$1            6.072      0.236     25.685      0.000
    REPO8$1            2.098      0.120     17.482      0.000
    REPO9$1            5.555      0.237     23.449      0.000
    REPO10$1           5.789      0.233     24.887      0.000
    REPO11$1           1.965      0.078     25.335      0.000
    REPO12$1           4.690      0.143     32.789      0.000
    REPO13$1          15.000      0.000    999.000    999.000

Latent Class Pattern 3 3

 Thresholds
    REPO1$1           15.000      0.000    999.000    999.000
    REPO2$1           15.000      0.000    999.000    999.000
    REPO3$1           15.000      0.000    999.000    999.000
    REPO4$1           15.000      0.000    999.000    999.000
    REPO5$1           15.000      0.000    999.000    999.000
    REPO6$1           15.000      0.000    999.000    999.000
    REPO7$1           15.000      0.000    999.000    999.000
    REPO8$1           15.000      0.000    999.000    999.000
    REPO9$1           15.000      0.000    999.000    999.000
    REPO10$1          15.000      0.000    999.000    999.000
    REPO11$1          15.000      0.000    999.000    999.000
    REPO12$1          15.000      0.000    999.000    999.000
    REPO13$1         -15.000      0.000    999.000    999.000

Latent Class Pattern 4 1

 Thresholds
    REPO1$1           15.000      0.000    999.000    999.000
    REPO2$1           15.000      0.000    999.000    999.000
    REPO3$1           15.000      0.000    999.000    999.000
    REPO4$1          -15.000      0.000    999.000    999.000
    REPO5$1           15.000      0.000    999.000    999.000
    REPO6$1           15.000      0.000    999.000    999.000
    REPO7$1           15.000      0.000    999.000    999.000
    REPO8$1           15.000      0.000    999.000    999.000
    REPO9$1           15.000      0.000    999.000    999.000
    REPO10$1          15.000      0.000    999.000    999.000
    REPO11$1          15.000      0.000    999.000    999.000
    REPO12$1          15.000      0.000    999.000    999.000
    REPO13$1          15.000      0.000    999.000    999.000

Latent Class Pattern 4 2

 Thresholds
    REPO1$1            1.390      0.067     20.791      0.000
    REPO2$1            2.304      0.108     21.295      0.000
    REPO3$1            1.627      0.066     24.681      0.000
    REPO4$1           15.000      0.000    999.000    999.000
    REPO5$1            2.403      0.091     26.546      0.000
    REPO6$1            5.245      0.362     14.503      0.000
    REPO7$1            6.072      0.236     25.685      0.000
    REPO8$1            2.098      0.120     17.482      0.000
    REPO9$1            5.555      0.237     23.449      0.000
    REPO10$1           5.789      0.233     24.887      0.000
    REPO11$1           1.965      0.078     25.335      0.000
    REPO12$1           4.690      0.143     32.789      0.000
    REPO13$1          15.000      0.000    999.000    999.000

Latent Class Pattern 4 3

 Thresholds
    REPO1$1           15.000      0.000    999.000    999.000
    REPO2$1           15.000      0.000    999.000    999.000
    REPO3$1           15.000      0.000    999.000    999.000
    REPO4$1           15.000      0.000    999.000    999.000
    REPO5$1           15.000      0.000    999.000    999.000
    REPO6$1           15.000      0.000    999.000    999.000
    REPO7$1           15.000      0.000    999.000    999.000
    REPO8$1           15.000      0.000    999.000    999.000
    REPO9$1           15.000      0.000    999.000    999.000
    REPO10$1          15.000      0.000    999.000    999.000
    REPO11$1          15.000      0.000    999.000    999.000
    REPO12$1          15.000      0.000    999.000    999.000
    REPO13$1         -15.000      0.000    999.000    999.000

Latent Class Pattern 5 1

 Thresholds
    REPO1$1           15.000      0.000    999.000    999.000
    REPO2$1           15.000      0.000    999.000    999.000
    REPO3$1           15.000      0.000    999.000    999.000
    REPO4$1          -15.000      0.000    999.000    999.000
    REPO5$1           15.000      0.000    999.000    999.000
    REPO6$1           15.000      0.000    999.000    999.000
    REPO7$1           15.000      0.000    999.000    999.000
    REPO8$1           15.000      0.000    999.000    999.000
    REPO9$1           15.000      0.000    999.000    999.000
    REPO10$1          15.000      0.000    999.000    999.000
    REPO11$1          15.000      0.000    999.000    999.000
    REPO12$1          15.000      0.000    999.000    999.000
    REPO13$1          15.000      0.000    999.000    999.000

Latent Class Pattern 5 2

 Thresholds
    REPO1$1            1.390      0.067     20.791      0.000
    REPO2$1            2.304      0.108     21.295      0.000
    REPO3$1            1.627      0.066     24.681      0.000
    REPO4$1           15.000      0.000    999.000    999.000
    REPO5$1            2.403      0.091     26.546      0.000
    REPO6$1            5.245      0.362     14.503      0.000
    REPO7$1            6.072      0.236     25.685      0.000
    REPO8$1            2.098      0.120     17.482      0.000
    REPO9$1            5.555      0.237     23.449      0.000
    REPO10$1           5.789      0.233     24.887      0.000
    REPO11$1           1.965      0.078     25.335      0.000
    REPO12$1           4.690      0.143     32.789      0.000
    REPO13$1          15.000      0.000    999.000    999.000

Latent Class Pattern 5 3

 Thresholds
    REPO1$1           15.000      0.000    999.000    999.000
    REPO2$1           15.000      0.000    999.000    999.000
    REPO3$1           15.000      0.000    999.000    999.000
    REPO4$1           15.000      0.000    999.000    999.000
    REPO5$1           15.000      0.000    999.000    999.000
    REPO6$1           15.000      0.000    999.000    999.000
    REPO7$1           15.000      0.000    999.000    999.000
    REPO8$1           15.000      0.000    999.000    999.000
    REPO9$1           15.000      0.000    999.000    999.000
    REPO10$1          15.000      0.000    999.000    999.000
    REPO11$1          15.000      0.000    999.000    999.000
    REPO12$1          15.000      0.000    999.000    999.000
    REPO13$1         -15.000      0.000    999.000    999.000

Between Level

Categorical Latent Variables

Within Level

 Intercepts
    SESSION#1          1.349      0.122     11.022      0.000
    SESSION#2          1.592      0.221      7.192      0.000

Between Level

 SESSION#1  ON
    UGROUPS#1         -2.099      0.123    -17.110      0.000
    UGROUPS#2         -1.083      0.205     -5.293      0.000
    UGROUPS#3          0.072      0.306      0.235      0.814
    UGROUPS#4         -3.871      0.417     -9.274      0.000

 SESSION#2  ON
    UGROUPS#1         -1.415      0.232     -6.108      0.000
    UGROUPS#2          1.225      0.292      4.200      0.000
    UGROUPS#3         -2.200      0.191    -11.496      0.000
    UGROUPS#4         -3.502      0.308    -11.370      0.000

 Means
    UGROUPS#1          0.024      0.141      0.168      0.867
    UGROUPS#2          1.608      0.117     13.739      0.000
    UGROUPS#3         -1.023      0.279     -3.662      0.000
    UGROUPS#4         -1.174      0.260     -4.515      0.000


QUALITY OF NUMERICAL RESULTS

     Condition Number for the Information Matrix              0.112E-04
       (ratio of smallest to largest eigenvalue)


SAMPLE STATISTICS FOR ESTIMATED FACTOR SCORES


     SAMPLE STATISTICS


           Means
              UGROUPS#      UGROUPS#      UGROUPS#      UGROUPS#      SESSION#
              ________      ________      ________      ________      ________
 1              0.024         1.608        -1.023        -1.174         1.349


           Means
              SESSION#      C_UGROUP      C_SESSIO
              ________      ________      ________
 1              1.592         0.024         1.608


           Covariances
              UGROUPS#      UGROUPS#      UGROUPS#      UGROUPS#      SESSION#
              ________      ________      ________      ________      ________
 UGROUPS#       0.000
 UGROUPS#       0.000         0.000
 UGROUPS#       0.000         0.000         0.000
 UGROUPS#       0.000         0.000         0.000         0.000
 SESSION#       0.000         0.000         0.000         0.000         0.000
 SESSION#       0.000         0.000         0.000         0.000         0.000
 C_UGROUP       0.000         0.000         0.000         0.000         0.000
 C_SESSIO       0.000         0.000         0.000         0.000         0.000


           Covariances
              SESSION#      C_UGROUP      C_SESSIO
              ________      ________      ________
 SESSION#       0.000
 C_UGROUP       0.000         0.000
 C_SESSIO       0.000         0.000         0.000


           Correlations
              UGROUPS#      UGROUPS#      UGROUPS#      UGROUPS#      SESSION#
              ________      ________      ________      ________      ________
 UGROUPS#       1.000
 UGROUPS#     999.000         1.000
 UGROUPS#     999.000       999.000         1.000
 UGROUPS#     999.000       999.000       999.000         1.000
 SESSION#     999.000       999.000       999.000       999.000         1.000
 SESSION#     999.000       999.000       999.000       999.000       999.000
 C_UGROUP     999.000       999.000       999.000       999.000       999.000
 C_SESSIO     999.000       999.000       999.000       999.000       999.000


           Correlations
              SESSION#      C_UGROUP      C_SESSIO
              ________      ________      ________
 SESSION#       1.000
 C_UGROUP     999.000         1.000
 C_SESSIO     999.000       999.000         1.000


PLOT INFORMATION

The following plots are available:

  Histograms (sample values, estimated factor scores, outliers)
  Scatterplots (sample values, estimated factor scores, outliers)
  Sample proportions and estimated probabilities
  Item characteristic curves
  Information curves
  Latent variable distribution plots

SAVEDATA INFORMATION


  Save file
    ~/Desktop/sdpmplus/output/final/twolevel/allClass3/nocv/data.dat

  Order of variables

    REPO1
    REPO2
    REPO3
    REPO4
    REPO5
    REPO6
    REPO7
    REPO8
    REPO9
    REPO10
    REPO11
    REPO12
    REPO13
    PRIMKEY
    REQTIME
    REPORTCL
    REPORTCA
    FUNCTION
    EMAILMER
    DATE
    MONTH
    HOUR
    MINUTE
    SECOND
    WEEKDAY
    JULDAY
    WEEKYR
    ELAPSES
    ELAPSEM
    ELAPSEH
    DAYORDER
    OVORDER
    DAYTOTAL
    OVTOTAL
    TOTDAYS
    REPORT
    USERNAME
    FUNC1
    FUNC2
    FUNC3
    FUNC4
    FUNC5
    FUNC6
    FUNC7
    ESEDUC
    HSEDUC
    MSEDUC
    SCHID
    UGROUPS#1
    UGROUPS#2
    UGROUPS#3
    UGROUPS#4
    SESSION#1
    SESSION#2
    C_UGROUPS#
    C_UGROUPS#
    C_UGROUPS#
    C_UGROUPS#
    C_SESSION#
    C_SESSION#
    OUTLOGL
    CPROB1
    CPROB2
    CPROB3
    CPROB4
    CPROB5
    CPROB6
    CPROB7
    CPROB8
    CPROB9
    CPROB10
    CPROB11
    CPROB12
    CPROB13
    CPROB14
    CPROB15
    UGROUPS
    SESSION
    MLCJOINT
    USERID

  Save file format           Free

  Save file record length    10000


     Beginning Time:  02:33:37
        Ending Time:  02:34:34
       Elapsed Time:  00:00:57



MUTHEN & MUTHEN
3463 Stoner Ave.
Los Angeles, CA  90066

Tel: (310) 391-9971
Fax: (310) 391-8971
Web: www.StatModel.com
Support: Support@StatModel.com

Copyright (c) 1998-2015 Muthen & Muthen
