  -89580.3958903806           387159          11
  -98716.5276956033           391294          12
  -89682.3256194164           865681          13
  -86198.1094753275           196681          14
  -86175.8133236855           827383          15
  -86019.6112441799           827383          15
   1.38977748376612     
   2.30411711305866     
   1.62714225464503     
   15.0000000000000     
   2.40339704048463     
   5.24508895586093     
   6.07181148268872     
   2.09842982461302     
   5.55478839048898     
   5.78920893515597     
   1.96476253993473     
   4.69037617304744     
   15.0000000000000     
   15.0000000000000     
   15.0000000000000     
   15.0000000000000     
   15.0000000000000     
   15.0000000000000     
   15.0000000000000     
   15.0000000000000     
   15.0000000000000     
   15.0000000000000     
   15.0000000000000     
   15.0000000000000     
   15.0000000000000     
  -15.0000000000000     
   15.0000000000000     
   15.0000000000000     
   15.0000000000000     
  -15.0000000000000     
   15.0000000000000     
   15.0000000000000     
   15.0000000000000     
   15.0000000000000     
   15.0000000000000     
   15.0000000000000     
   15.0000000000000     
   15.0000000000000     
   15.0000000000000     
   1.59160358633644     
  0.690611345271731     
 -1.853582136651048E-002
 -0.986581794700470     
 -0.323201808869776     
 -0.526660893693319     
  0.100351417722206     
  5.376970510365527E-003
 -0.853354880616486     
 -0.708426359568706     
 -0.442362790714731     
 -0.764591758878170     
          24
           0
