Mplus VERSION 7.31 (Mac)
MUTHEN & MUTHEN
07/21/2015   9:48 AM

INPUT INSTRUCTIONS

  Title:
  FCPS Educators use of the NWEA Data Portal:
  Single Level Model without Covariates and Two Estimated
  Latent Classes for All Staff

  ! The following variables were converted:
  ! reqtime : System Timestamp
  ! reportclass : Description of Report Accessed by User
  ! reportcat : report_type_description
  ! repo1 : Report Type = ASG_Class_Report
  ! repo2 : Report Type = Admin Reports
  ! repo3 : Report Type = Class_By_RIT
  ! repo4 : Report Type = Class_Report
  ! repo5 : Report Type = Class_by_Goal
  ! repo6 : Report Type = Class_by_Projected_Proficiency
  ! repo7 : Report Type = District_Summary
  ! repo8 : Report Type = Grade_Report
  ! repo9 : Report Type = MPG Reports
  ! repo10 : Report Type = Projected_Proficiency_Summary
  ! repo11 : Report Type = Student_Goal_Setting_Worksheet
  ! repo12 : Report Type = Student_Growth_Summary
  ! repo13 : Report Type = Student_Progress_Report
  ! function : Job Function of User
  ! emailmerge : Indicator from full outer join of usage and directory data
  ! userid : User ID
  ! date : Date
  ! month : Month of Year (text)
  ! hour : Hour of Day
  ! minute : Minute of Hour
  ! second : Second of Minute
  ! weekday : Day of Week (text)
  ! julday : Julian Calendar Day
  ! weekyr : Week of Year
  ! elapses : Seconds Elapsed within Session
  ! elapsem : Minutes Elapsed within Session
  ! elapseh : Hours Elapsed within Session
  ! dayorder : Session Sequence ID
  ! ovorder : Overall Sequence ID
  ! daytotal : Total # of Reports for Day
  ! ovtotal : Overall total # of Reports Viewed
  ! totdays : Total Days with data viewed
  ! report : report_type_description
  ! 1: ASG_Class_Report
  ! 2: Class_By_RIT
  ! 3: Class_Report
  ! 4: Class_by_Goal
  ! 5: Class_by_Projected_Proficiency
  ! 6: DesCartes_Query
  ! 7: District_Summary
  ! 8: Grade_Report
  ! 9: MPG_Student
  ! 10: MPG_Sub-Skill_Performance
  ! 11: MPG_Teacher
  ! 12: pgid
  ! 13: Potential_Duplicate_Profiles
  ! 14: Profiles_With_Shared_IDs
  ! 15: Projected_Proficiency_Summary
  ! 16: Student_Goal_Setting_Worksheet
  ! 17: Student_Growth_Summary
  ! 18: Student_Progress_Report
  ! 19: Students_Without_Reporting_Attributes
  ! 20: Students_Without_Valid_Test_Results
  ! 21: Test_Events_By_Status
  ! 22: User_Roles
  ! username : User ID w/Email Address Labels
  ! func1 : function==Unknown
  ! func2 : function==Accounting/Clerical/Ops
  ! func3 : function==Information Tech/Systems
  ! func4 : function==District Administration/Central Office
  ! func5 : function==School Administration
  ! func6 : function==Special Ed/Ed Specialists
  ! func7 : function==Classroom Educators
  ! eseduc : Elementary School Educator
  ! hseduc : High School Educator
  ! mseduc : Middle School Educator
  ! primkey : Primary Key for all Records in File
  ! schid : School of Employment

  DATA:
   FILE IS ~/Desktop/sdpmplus/data/sdpCapstoneData.dat ;

  VARIABLE:
  NAMES ARE reqtime reportcl reportca repo1 repo2 repo3 repo4 repo5 repo6
  repo7 repo8 repo9 repo10 repo11 repo12 repo13 function emailmer userid
  date month hour minute second weekday julday weekyr elapses elapsem
  elapseh dayorder ovorder daytotal ovtotal totdays report username func1
  func2 func3 func4 func5 func6 func7 eseduc hseduc mseduc primkey schid ;

  MISSING ARE .;

  ! Defines a single within subject latent class and a between subjects latent class
  CLASSES = UGROUPS(2);

  ! Defines the dummy variables as ordered categories
  CATEGORICAL ARE repo1 repo2 repo3 repo4 repo5 repo6 repo7 repo8 repo9 repo10 repo11
  repo12 repo13;

  ! Defines variables that vary within individuals
  !WITHIN ARE repo1 repo2 repo3 repo4 repo5 repo8 repo11 repo12 repo13;

  ! Define Between level variables
  !BETWEEN ARE UGROUPS;

  ! Defines the variable used to identify the clusters
  ! CLUSTER IS userid ;

  IDVARIABLE = primkey;

  AUXILIARY ARE reqtime reportcl reportca function emailmer
  date month hour minute second weekday julday weekyr elapses elapsem
  elapseh dayorder ovorder daytotal ovtotal totdays report username func1
  func2 func3 func4 func5 func6 func7 eseduc hseduc mseduc schid userid ;

  ! Defines the variables to be used in the analysis
  USEVARIABLES ARE repo1 repo2 repo3 repo4 repo5 repo6 repo7 repo8 repo9 repo10 repo11
  repo12 repo13;

  !USEOBSERVATIONS = totdays NE 0;

  !DEFINE:
  !	STANDARDIZE totdays;
  !	IF(repo6 EQ 1 OR repo10 EQ 1 OR repo7 EQ 1 OR repo9 EQ 1) THEN newrep = 1;
  !	IF(repo6 EQ 0 AND repo10 EQ 0 AND repo7 EQ 1 AND repo9 EQ 0) THEN newrep = 0;

  ! Define analytical parameters
  ANALYSIS:
  !	TYPE = TWOLEVEL MIXTURE;
  	TYPE = MIXTURE;
  !	STARTS = 100 50;
  !	STITERATIONS = 10;
  !	STCONVERGENCE = .001;
  !	PROCESS=8(STARTS);
  	PROCESSORS = 8;
  !	MIXC = CONV;
  !	MIXU = CONV;
  !	LOGHIGH = 5;
  !	LOGLOW = -5;
  !	MCONVERGENCE = 1.0E-09;
  !	MCCONVERGENCE = 1.0E-08;
  !	MUCONVERGENCE = 1.0E-08;
  !	STSCALE = 1;
  	STSEED = 7779311;
  	OPTSEED = 511508;
  !	ESTIMATOR = MLR;
  !	ALGORITHM = EMA;
  !	UCELLSIZE = 0;
  !	INTEGRATION = STANDARD(50);
  !	LOGCRITERION = 1.0E-09;
  	
  ! Define the model
  MODEL:
  	%OVERALL%

  ! Define what output/results will be saved
  !SAVEDATA:
  !	FILE IS ~/Desktop/sdpmplus/output/allusers/singlelevel/classes2/nocv/data.dat;
  !	SAMPLE IS ~/Desktop/sdpmplus/output/allusers/singlelevel/classes2/nocv/sample.dat;
  !	RESULTS ARE ~/Desktop/sdpmplus/output/allusers/singlelevel/classes2/nocv/results.dat;
  !	TECH3 IS ~/Desktop/sdpmplus/output/allusers/singlelevel/classes2/nocv/tech3.dat;
  !	TECH4 IS ~/Desktop/sdpmplus/output/allusers/singlelevel/classes2/nocv/tech4.dat;
  !	SAVE IS CPROB;
  !	SAVE = LOGLIKELIHOOD;
  !	FORMAT IS FREE;

  ! Define output to be saved
  OUTPUT:
  	SVALUES;
  !	RESIDUAL; CINTERVAL; SVALUES;
  !	TECH1; TECH2; TECH3; TECH4; TECH5;
  !	TECH7; TECH8; TECH12; TECH15;

  !PLOT:
  !	TYPE IS PLOT3;



INPUT READING TERMINATED NORMALLY




FCPS Educators use of the NWEA Data Portal:
Single Level Model without Covariates and Two Estimated
Latent Classes for All Staff

SUMMARY OF ANALYSIS

Number of groups                                                 1
Number of observations                                       39925

Number of dependent variables                                   13
Number of independent variables                                  0
Number of continuous latent variables                            0
Number of categorical latent variables                           1

Observed dependent variables

  Binary and ordered categorical (ordinal)
   REPO1       REPO2       REPO3       REPO4       REPO5       REPO6
   REPO7       REPO8       REPO9       REPO10      REPO11      REPO12
   REPO13

Observed auxiliary variables
   REQTIME     REPORTCL    REPORTCA    FUNCTION    EMAILMER    DATE
   MONTH       HOUR        MINUTE      SECOND      WEEKDAY     JULDAY
   WEEKYR      ELAPSES     ELAPSEM     ELAPSEH     DAYORDER    OVORDER
   DAYTOTAL    OVTOTAL     TOTDAYS     REPORT      USERNAME    FUNC1
   FUNC2       FUNC3       FUNC4       FUNC5       FUNC6       FUNC7
   ESEDUC      HSEDUC      MSEDUC      SCHID       USERID

Categorical latent variables
   UGROUPS

Variables with special functions

  ID variable           PRIMKEY

Estimator                                                      MLR
Information matrix                                        OBSERVED
Optimization Specifications for the Quasi-Newton Algorithm for
Continuous Outcomes
  Maximum number of iterations                                 100
  Convergence criterion                                  0.100D-05
Optimization Specifications for the EM Algorithm
  Maximum number of iterations                                 500
  Convergence criteria
    Loglikelihood change                                 0.100D-06
    Relative loglikelihood change                        0.100D-06
    Derivative                                           0.100D-05
Optimization Specifications for the M step of the EM Algorithm for
Categorical Latent variables
  Number of M step iterations                                    1
  M step convergence criterion                           0.100D-05
  Basis for M step termination                           ITERATION
Optimization Specifications for the M step of the EM Algorithm for
Censored, Binary or Ordered Categorical (Ordinal), Unordered
Categorical (Nominal) and Count Outcomes
  Number of M step iterations                                    1
  M step convergence criterion                           0.100D-05
  Basis for M step termination                           ITERATION
  Maximum value for logit thresholds                            15
  Minimum value for logit thresholds                           -15
  Minimum expected cell size for chi-square              0.100D-01
Maximum number of iterations for H1                           2000
Convergence criterion for H1                             0.100D-03
Optimization algorithm                                         EMA
Random Starts Specifications
  Random seed for analysis                                  511508
Link                                                         LOGIT

Input data file(s)
  ~/Desktop/sdpmplus/data/sdpCapstoneData.dat
Input data format  FREE


SUMMARY OF DATA

     Number of missing data patterns             1
     Number of y missing data patterns           0
     Number of u missing data patterns           1


COVARIANCE COVERAGE OF DATA

Minimum covariance coverage value   0.100


UNIVARIATE PROPORTIONS AND COUNTS FOR CATEGORICAL VARIABLES

    REPO1
      Category 1    0.907        36199.000
      Category 2    0.093         3726.000
    REPO2
      Category 1    0.958        38229.000
      Category 2    0.042         1696.000
    REPO3
      Category 1    0.923        36857.000
      Category 2    0.077         3068.000
    REPO4
      Category 1    0.759        30315.000
      Category 2    0.241         9610.000
    REPO5
      Category 1    0.961        38376.000
      Category 2    0.039         1549.000
    REPO6
      Category 1    0.998        39827.000
      Category 2    0.002           98.000
    REPO7
      Category 1    0.999        39882.000
      Category 2    0.001           43.000
    REPO8
      Category 1    0.949        37884.000
      Category 2    0.051         2041.000
    REPO9
      Category 1    0.998        39853.000
      Category 2    0.002           72.000
    REPO10
      Category 1    0.999        39868.000
      Category 2    0.001           57.000
    REPO11
      Category 1    0.942        37628.000
      Category 2    0.058         2297.000
    REPO12
      Category 1    0.996        39755.000
      Category 2    0.004          170.000
    REPO13
      Category 1    0.709        28292.000
      Category 2    0.291        11633.000


     IN THE OPTIMIZATION, ONE OR MORE LOGIT THRESHOLDS APPROACHED AND WERE SET
     AT THE EXTREME VALUES.  EXTREME VALUES ARE -15.000 AND 15.000.
     THE FOLLOWING THRESHOLDS WERE SET AT THESE VALUES:
     * THRESHOLD 1 OF CLASS INDICATOR REPO13 FOR CLASS 1 AT ITERATION 14
     * THRESHOLD 1 OF CLASS INDICATOR REPO1 FOR CLASS 2 AT ITERATION 8
     * THRESHOLD 1 OF CLASS INDICATOR REPO2 FOR CLASS 2 AT ITERATION 8
     * THRESHOLD 1 OF CLASS INDICATOR REPO3 FOR CLASS 2 AT ITERATION 7
     * THRESHOLD 1 OF CLASS INDICATOR REPO4 FOR CLASS 2 AT ITERATION 8
     * THRESHOLD 1 OF CLASS INDICATOR REPO5 FOR CLASS 2 AT ITERATION 7
     * THRESHOLD 1 OF CLASS INDICATOR REPO6 FOR CLASS 2 AT ITERATION 4
     * THRESHOLD 1 OF CLASS INDICATOR REPO7 FOR CLASS 2 AT ITERATION 7
     * THRESHOLD 1 OF CLASS INDICATOR REPO8 FOR CLASS 2 AT ITERATION 8
     * THRESHOLD 1 OF CLASS INDICATOR REPO9 FOR CLASS 2 AT ITERATION 8
     * THRESHOLD 1 OF CLASS INDICATOR REPO10 FOR CLASS 2 AT ITERATION 5
     * THRESHOLD 1 OF CLASS INDICATOR REPO11 FOR CLASS 2 AT ITERATION 8
     * THRESHOLD 1 OF CLASS INDICATOR REPO12 FOR CLASS 2 AT ITERATION 5
     * THRESHOLD 1 OF CLASS INDICATOR REPO13 FOR CLASS 2 AT ITERATION 17





THE MODEL ESTIMATION TERMINATED NORMALLY



MODEL FIT INFORMATION

Number of Free Parameters                       27

Loglikelihood

          H0 Value                      -93603.436
          H0 Scaling Correction Factor      1.0000
            for MLR

Information Criteria

          Akaike (AIC)                  187260.872
          Bayesian (BIC)                187492.931
          Sample-Size Adjusted BIC      187407.125
            (n* = (n + 2) / 24)

Chi-Square Test of Model Fit for the Binary and Ordered Categorical
(Ordinal) Outcomes

          Pearson Chi-Square

          Value                          25071.679
          Degrees of Freedom                  8164
          P-Value                           0.0000

          Likelihood Ratio Chi-Square

          Value                          28359.515
          Degrees of Freedom                  8164
          P-Value                           0.0000



FINAL CLASS COUNTS AND PROPORTIONS FOR THE LATENT CLASSES
BASED ON THE ESTIMATED MODEL

    Latent
   Classes

       1      28292.00202          0.70863
       2      11632.99798          0.29137


FINAL CLASS COUNTS AND PROPORTIONS FOR THE LATENT CLASSES
BASED ON ESTIMATED POSTERIOR PROBABILITIES

    Latent
   Classes

       1      28292.00202          0.70863
       2      11632.99798          0.29137


FINAL CLASS COUNTS AND PROPORTIONS FOR THE LATENT CLASSES
BASED ON THEIR MOST LIKELY LATENT CLASS MEMBERSHIP

Class Counts and Proportions

    Latent
   Classes

       1            28292          0.70863
       2            11633          0.29137


CLASSIFICATION QUALITY

     Entropy                         1.000


Average Latent Class Probabilities for Most Likely Latent Class Membership (Row)
by Latent Class (Column)

           1        2

    1   1.000    0.000
    2   0.000    1.000


Classification Probabilities for the Most Likely Latent Class Membership (Column)
by Latent Class (Row)

           1        2

    1   1.000    0.000
    2   0.000    1.000


Logits for the Classification Probabilities for the Most Likely Latent Class Membership (Column)
by Latent Class (Row)

              1        2

    1     13.816    0.000
    2    -13.816    0.000


MODEL RESULTS

                                                    Two-Tailed
                    Estimate       S.E.  Est./S.E.    P-Value

Latent Class 1

 Thresholds
    REPO1$1            1.886      0.018    107.277      0.000
    REPO2$1            2.752      0.025    109.904      0.000
    REPO3$1            2.107      0.019    110.184      0.000
    REPO4$1            0.665      0.013     52.955      0.000
    REPO5$1            2.849      0.026    109.003      0.000
    REPO6$1            5.662      0.101     55.953      0.000
    REPO7$1            6.488      0.153     42.510      0.000
    REPO8$1            2.554      0.023    111.155      0.000
    REPO9$1            5.971      0.118     50.602      0.000
    REPO10$1           6.205      0.133     46.802      0.000
    REPO11$1           2.426      0.022    111.465      0.000
    REPO12$1           5.109      0.077     66.406      0.000
    REPO13$1          15.000      0.000    999.000    999.000

Latent Class 2

 Thresholds
    REPO1$1           15.000      0.000    999.000    999.000
    REPO2$1           15.000      0.000    999.000    999.000
    REPO3$1           15.000      0.000    999.000    999.000
    REPO4$1           15.000      0.000    999.000    999.000
    REPO5$1           15.000      0.000    999.000    999.000
    REPO6$1           15.000      0.000    999.000    999.000
    REPO7$1           15.000      0.000    999.000    999.000
    REPO8$1           15.000      0.000    999.000    999.000
    REPO9$1           15.000      0.000    999.000    999.000
    REPO10$1          15.000      0.000    999.000    999.000
    REPO11$1          15.000      0.000    999.000    999.000
    REPO12$1          15.000      0.000    999.000    999.000
    REPO13$1         -15.000      0.000    999.000    999.000

Categorical Latent Variables

 Means
    UGROUPS#1          0.889      0.011     80.691      0.000


RESULTS IN PROBABILITY SCALE

Latent Class 1

 REPO1
    Category 1         0.868      0.002    431.895      0.000
    Category 2         0.132      0.002     65.507      0.000
 REPO2
    Category 1         0.940      0.001    666.081      0.000
    Category 2         0.060      0.001     42.475      0.000
 REPO3
    Category 1         0.892      0.002    482.293      0.000
    Category 2         0.108      0.002     58.661      0.000
 REPO4
    Category 1         0.660      0.003    234.521      0.000
    Category 2         0.340      0.003    120.637      0.000
 REPO5
    Category 1         0.945      0.001    698.894      0.000
    Category 2         0.055      0.001     40.481      0.000
 REPO6
    Category 1         0.997      0.000   2852.970      0.000
    Category 2         0.003      0.000      9.917      0.000
 REPO7
    Category 1         0.998      0.000   4311.210      0.000
    Category 2         0.002      0.000      6.562      0.000
 REPO8
    Category 1         0.928      0.002    603.230      0.000
    Category 2         0.072      0.002     46.901      0.000
 REPO9
    Category 1         0.997      0.000   3329.999      0.000
    Category 2         0.003      0.000      8.496      0.000
 REPO10
    Category 1         0.998      0.000   3743.590      0.000
    Category 2         0.002      0.000      7.557      0.000
 REPO11
    Category 1         0.919      0.002    565.843      0.000
    Category 2         0.081      0.002     50.000      0.000
 REPO12
    Category 1         0.994      0.000   2163.368      0.000
    Category 2         0.006      0.000     13.078      0.000
 REPO13
    Category 1         1.000      0.000      0.000      1.000
    Category 2         0.000      0.000      0.000      1.000

Latent Class 2

 REPO1
    Category 1         1.000      0.000      0.000      1.000
    Category 2         0.000      0.000      0.000      1.000
 REPO2
    Category 1         1.000      0.000      0.000      1.000
    Category 2         0.000      0.000      0.000      1.000
 REPO3
    Category 1         1.000      0.000      0.000      1.000
    Category 2         0.000      0.000      0.000      1.000
 REPO4
    Category 1         1.000      0.000      0.000      1.000
    Category 2         0.000      0.000      0.000      1.000
 REPO5
    Category 1         1.000      0.000      0.000      1.000
    Category 2         0.000      0.000      0.000      1.000
 REPO6
    Category 1         1.000      0.000      0.000      1.000
    Category 2         0.000      0.000      0.000      1.000
 REPO7
    Category 1         1.000      0.000      0.000      1.000
    Category 2         0.000      0.000      0.000      1.000
 REPO8
    Category 1         1.000      0.000      0.000      1.000
    Category 2         0.000      0.000      0.000      1.000
 REPO9
    Category 1         1.000      0.000      0.000      1.000
    Category 2         0.000      0.000      0.000      1.000
 REPO10
    Category 1         1.000      0.000      0.000      1.000
    Category 2         0.000      0.000      0.000      1.000
 REPO11
    Category 1         1.000      0.000      0.000      1.000
    Category 2         0.000      0.000      0.000      1.000
 REPO12
    Category 1         1.000      0.000      0.000      1.000
    Category 2         0.000      0.000      0.000      1.000
 REPO13
    Category 1         0.000      0.000      0.000      1.000
    Category 2         1.000      0.000      0.000      1.000


LATENT CLASS ODDS RATIO RESULTS

Latent Class 1 Compared to Latent Class 2

 REPO1
    Category > 1   *********      0.000    999.000    999.000
 REPO2
    Category > 1   *********      0.000    999.000    999.000
 REPO3
    Category > 1   *********      0.000    999.000    999.000
 REPO4
    Category > 1   *********      0.000    999.000    999.000
 REPO5
    Category > 1   *********      0.000    999.000    999.000
 REPO6
    Category > 1   11362.836      0.000    999.000    999.000
 REPO7
    Category > 1    4976.023      0.000    999.000    999.000
 REPO8
    Category > 1   *********      0.000    999.000    999.000
 REPO9
    Category > 1    8340.514      0.000    999.000    999.000
 REPO10
    Category > 1    6599.400      0.000    999.000    999.000
 REPO11
    Category > 1   *********      0.000    999.000    999.000
 REPO12
    Category > 1   19761.502      0.000    999.000    999.000
 REPO13
    Category > 1       0.000      0.000    999.000    999.000


QUALITY OF NUMERICAL RESULTS

     Condition Number for the Information Matrix              0.121E-03
       (ratio of smallest to largest eigenvalue)


MODEL COMMAND WITH FINAL ESTIMATES USED AS STARTING VALUES

     %OVERALL%

     [ ugroups#1*0.88873 ];

     %UGROUPS#1%

     [ repo1$1*1.88603 ];
     [ repo2$1*2.75249 ];
     [ repo3$1*2.10677 ];
     [ repo4$1*0.66476 ];
     [ repo5$1*2.84866 ];
     [ repo6$1*5.66190 ];
     [ repo7$1*6.48761 ];
     [ repo8$1*2.55426 ];
     [ repo9$1*5.97112 ];
     [ repo10$1*6.20527 ];
     [ repo11$1*2.42630 ];
     [ repo12$1*5.10851 ];
     [ repo13$1*15 ];

     %UGROUPS#2%

     [ repo1$1*15 ];
     [ repo2$1*15 ];
     [ repo3$1*15 ];
     [ repo4$1*15 ];
     [ repo5$1*15 ];
     [ repo6$1*15 ];
     [ repo7$1*15 ];
     [ repo8$1*15 ];
     [ repo9$1*15 ];
     [ repo10$1*15 ];
     [ repo11$1*15 ];
     [ repo12$1*15 ];
     [ repo13$1*-15 ];



     Beginning Time:  09:48:01
        Ending Time:  09:48:05
       Elapsed Time:  00:00:04



MUTHEN & MUTHEN
3463 Stoner Ave.
Los Angeles, CA  90066

Tel: (310) 391-9971
Fax: (310) 391-8971
Web: www.StatModel.com
Support: Support@StatModel.com

Copyright (c) 1998-2015 Muthen & Muthen
